2025/11/06 20:50:58 - __main__ - INFO - 115 - main - Namespace(dataset='amazon_beauty', log_file='log/', random_seed=1997, max_len=50, device=device(type='cuda', index=0), num_gpu=1, batch_size=512, hidden_size=128, dropout=0.1, emb_dropout=0.3, hidden_act='gelu', num_blocks=4, epochs=500, decay_step=100, gamma=0.1, metric_ks=[5, 10, 20], optimizer='Adam', lr=0.001, loss_lambda=0, weight_decay=0, momentum=None, schedule_sampler_name='lossaware', diffusion_steps=32, lambda_uncertainty=0.001, noise_schedule='trunc_lin', rescale_timesteps=True, eval_interval=20, patience=5, description='Diffu_norm_score', long_head=False, diversity_measure=False, epoch_time_avg=False, model='freqdiffusion', maxlen=200, hidden_units=50, num_epochs=1000, num_heads=1, dropout_rate=0.2, l2_emb=0.0, inference_only=False, state_dict_path=None, norm_first=False)
2025/11/06 20:50:59 - __main__ - INFO - 104 - trainer - Epoch: 0
2025/11/06 20:51:00 - __main__ - INFO - 139 - trainer - [0/257] Loss: 48.1678
2025/11/06 20:51:02 - __main__ - INFO - 139 - trainer - [52/257] Loss: 30.2177
2025/11/06 20:51:05 - __main__ - INFO - 139 - trainer - [104/257] Loss: 25.6120
2025/11/06 20:51:08 - __main__ - INFO - 139 - trainer - [156/257] Loss: 22.2134
2025/11/06 20:51:11 - __main__ - INFO - 139 - trainer - [208/257] Loss: 20.0082
2025/11/06 20:51:13 - __main__ - INFO - 104 - trainer - Epoch: 1
2025/11/06 20:51:13 - __main__ - INFO - 139 - trainer - [0/257] Loss: 18.1188
2025/11/06 20:51:16 - __main__ - INFO - 139 - trainer - [52/257] Loss: 16.2834
2025/11/06 20:51:19 - __main__ - INFO - 139 - trainer - [104/257] Loss: 14.9178
2025/11/06 20:51:22 - __main__ - INFO - 139 - trainer - [156/257] Loss: 13.4667
2025/11/06 20:51:25 - __main__ - INFO - 139 - trainer - [208/257] Loss: 11.6908
2025/11/06 20:51:27 - __main__ - INFO - 104 - trainer - Epoch: 2
2025/11/06 20:51:27 - __main__ - INFO - 139 - trainer - [0/257] Loss: 10.9749
2025/11/06 20:51:30 - __main__ - INFO - 139 - trainer - [52/257] Loss: 10.0647
2025/11/06 20:51:33 - __main__ - INFO - 139 - trainer - [104/257] Loss: 9.8738
2025/11/06 20:51:36 - __main__ - INFO - 139 - trainer - [156/257] Loss: 9.7871
2025/11/06 20:51:38 - __main__ - INFO - 139 - trainer - [208/257] Loss: 9.6947
2025/11/06 20:51:41 - __main__ - INFO - 104 - trainer - Epoch: 3
2025/11/06 20:51:41 - __main__ - INFO - 139 - trainer - [0/257] Loss: 9.6699
2025/11/06 20:51:44 - __main__ - INFO - 139 - trainer - [52/257] Loss: 9.5482
2025/11/06 20:51:47 - __main__ - INFO - 139 - trainer - [104/257] Loss: 9.5202
2025/11/06 20:51:50 - __main__ - INFO - 139 - trainer - [156/257] Loss: 9.3774
2025/11/06 20:51:52 - __main__ - INFO - 139 - trainer - [208/257] Loss: 9.4467
2025/11/06 20:51:55 - __main__ - INFO - 104 - trainer - Epoch: 4
2025/11/06 20:51:55 - __main__ - INFO - 139 - trainer - [0/257] Loss: 9.3266
2025/11/06 20:51:58 - __main__ - INFO - 139 - trainer - [52/257] Loss: 9.3068
2025/11/06 20:52:01 - __main__ - INFO - 139 - trainer - [104/257] Loss: 9.2609
2025/11/06 20:52:03 - __main__ - INFO - 139 - trainer - [156/257] Loss: 9.0994
2025/11/06 20:52:06 - __main__ - INFO - 139 - trainer - [208/257] Loss: 9.0356
2025/11/06 20:52:09 - __main__ - INFO - 104 - trainer - Epoch: 5
2025/11/06 20:52:09 - __main__ - INFO - 139 - trainer - [0/257] Loss: 9.0152
2025/11/06 20:52:12 - __main__ - INFO - 139 - trainer - [52/257] Loss: 9.0491
2025/11/06 20:52:14 - __main__ - INFO - 139 - trainer - [104/257] Loss: 9.0333
2025/11/06 20:52:17 - __main__ - INFO - 139 - trainer - [156/257] Loss: 9.0829
2025/11/06 20:52:20 - __main__ - INFO - 139 - trainer - [208/257] Loss: 8.9431
2025/11/06 20:52:23 - __main__ - INFO - 104 - trainer - Epoch: 6
2025/11/06 20:52:23 - __main__ - INFO - 139 - trainer - [0/257] Loss: 8.8706
2025/11/06 20:52:26 - __main__ - INFO - 139 - trainer - [52/257] Loss: 8.8612
2025/11/06 20:52:28 - __main__ - INFO - 139 - trainer - [104/257] Loss: 8.7776
2025/11/06 20:52:31 - __main__ - INFO - 139 - trainer - [156/257] Loss: 8.9010
2025/11/06 20:52:34 - __main__ - INFO - 139 - trainer - [208/257] Loss: 8.7808
2025/11/06 20:52:37 - __main__ - INFO - 104 - trainer - Epoch: 7
2025/11/06 20:52:37 - __main__ - INFO - 139 - trainer - [0/257] Loss: 8.6932
2025/11/06 20:52:40 - __main__ - INFO - 139 - trainer - [52/257] Loss: 8.7953
2025/11/06 20:52:42 - __main__ - INFO - 139 - trainer - [104/257] Loss: 8.7157
2025/11/06 20:52:45 - __main__ - INFO - 139 - trainer - [156/257] Loss: 8.6886
2025/11/06 20:52:48 - __main__ - INFO - 139 - trainer - [208/257] Loss: 8.6904
2025/11/06 20:52:51 - __main__ - INFO - 104 - trainer - Epoch: 8
2025/11/06 20:52:51 - __main__ - INFO - 139 - trainer - [0/257] Loss: 8.5770
2025/11/06 20:52:53 - __main__ - INFO - 139 - trainer - [52/257] Loss: 8.6812
2025/11/06 20:52:56 - __main__ - INFO - 139 - trainer - [104/257] Loss: 8.6542
2025/11/06 20:52:59 - __main__ - INFO - 139 - trainer - [156/257] Loss: 8.6218
2025/11/06 20:53:02 - __main__ - INFO - 139 - trainer - [208/257] Loss: 8.6501
2025/11/06 20:53:04 - __main__ - INFO - 104 - trainer - Epoch: 9
2025/11/06 20:53:05 - __main__ - INFO - 139 - trainer - [0/257] Loss: 8.5299
2025/11/06 20:53:07 - __main__ - INFO - 139 - trainer - [52/257] Loss: 8.6218
2025/11/06 20:53:10 - __main__ - INFO - 139 - trainer - [104/257] Loss: 8.5919
2025/11/06 20:53:13 - __main__ - INFO - 139 - trainer - [156/257] Loss: 8.5983
2025/11/06 20:53:16 - __main__ - INFO - 139 - trainer - [208/257] Loss: 8.5072
2025/11/06 20:53:18 - __main__ - INFO - 104 - trainer - Epoch: 10
2025/11/06 20:53:18 - __main__ - INFO - 139 - trainer - [0/257] Loss: 8.4110
2025/11/06 20:53:21 - __main__ - INFO - 139 - trainer - [52/257] Loss: 8.5668
2025/11/06 20:53:24 - __main__ - INFO - 139 - trainer - [104/257] Loss: 8.5303
2025/11/06 20:53:27 - __main__ - INFO - 139 - trainer - [156/257] Loss: 8.5034
2025/11/06 20:53:30 - __main__ - INFO - 139 - trainer - [208/257] Loss: 8.5246
2025/11/06 20:53:32 - __main__ - INFO - 104 - trainer - Epoch: 11
2025/11/06 20:53:32 - __main__ - INFO - 139 - trainer - [0/257] Loss: 8.6585
2025/11/06 20:53:35 - __main__ - INFO - 139 - trainer - [52/257] Loss: 8.3716
2025/11/06 20:53:38 - __main__ - INFO - 139 - trainer - [104/257] Loss: 8.3324
2025/11/06 20:53:41 - __main__ - INFO - 139 - trainer - [156/257] Loss: 8.2538
2025/11/06 20:53:43 - __main__ - INFO - 139 - trainer - [208/257] Loss: 8.3409
2025/11/06 20:53:46 - __main__ - INFO - 104 - trainer - Epoch: 12
2025/11/06 20:53:46 - __main__ - INFO - 139 - trainer - [0/257] Loss: 8.1725
2025/11/06 20:53:49 - __main__ - INFO - 139 - trainer - [52/257] Loss: 8.4761
2025/11/06 20:53:51 - __main__ - INFO - 139 - trainer - [104/257] Loss: 8.3122
2025/11/06 20:53:54 - __main__ - INFO - 139 - trainer - [156/257] Loss: 8.2782
2025/11/06 20:53:57 - __main__ - INFO - 139 - trainer - [208/257] Loss: 8.4161
2025/11/06 20:54:00 - __main__ - INFO - 104 - trainer - Epoch: 13
2025/11/06 20:54:00 - __main__ - INFO - 139 - trainer - [0/257] Loss: 8.3109
2025/11/06 20:54:03 - __main__ - INFO - 139 - trainer - [52/257] Loss: 8.3161
2025/11/06 20:54:05 - __main__ - INFO - 139 - trainer - [104/257] Loss: 8.3124
2025/11/06 20:54:08 - __main__ - INFO - 139 - trainer - [156/257] Loss: 8.2910
2025/11/06 20:54:11 - __main__ - INFO - 139 - trainer - [208/257] Loss: 8.2134
2025/11/06 20:54:13 - __main__ - INFO - 104 - trainer - Epoch: 14
2025/11/06 20:54:13 - __main__ - INFO - 139 - trainer - [0/257] Loss: 8.2976
2025/11/06 20:54:16 - __main__ - INFO - 139 - trainer - [52/257] Loss: 8.3725
2025/11/06 20:54:19 - __main__ - INFO - 139 - trainer - [104/257] Loss: 8.1825
2025/11/06 20:54:22 - __main__ - INFO - 139 - trainer - [156/257] Loss: 8.2153
2025/11/06 20:54:25 - __main__ - INFO - 139 - trainer - [208/257] Loss: 8.2853
2025/11/06 20:54:27 - __main__ - INFO - 104 - trainer - Epoch: 15
2025/11/06 20:54:27 - __main__ - INFO - 139 - trainer - [0/257] Loss: 8.2111
2025/11/06 20:54:30 - __main__ - INFO - 139 - trainer - [52/257] Loss: 8.2541
2025/11/06 20:54:33 - __main__ - INFO - 139 - trainer - [104/257] Loss: 8.0767
2025/11/06 20:54:36 - __main__ - INFO - 139 - trainer - [156/257] Loss: 8.1675
2025/11/06 20:54:38 - __main__ - INFO - 139 - trainer - [208/257] Loss: 8.0338
2025/11/06 20:54:41 - __main__ - INFO - 104 - trainer - Epoch: 16
2025/11/06 20:54:41 - __main__ - INFO - 139 - trainer - [0/257] Loss: 8.0061
2025/11/06 20:54:44 - __main__ - INFO - 139 - trainer - [52/257] Loss: 8.2201
2025/11/06 20:54:47 - __main__ - INFO - 139 - trainer - [104/257] Loss: 7.9587
2025/11/06 20:54:49 - __main__ - INFO - 139 - trainer - [156/257] Loss: 8.1363
2025/11/06 20:54:52 - __main__ - INFO - 139 - trainer - [208/257] Loss: 8.1051
2025/11/06 20:54:55 - __main__ - INFO - 104 - trainer - Epoch: 17
2025/11/06 20:54:55 - __main__ - INFO - 139 - trainer - [0/257] Loss: 7.9551
2025/11/06 20:54:57 - __main__ - INFO - 139 - trainer - [52/257] Loss: 8.2553
2025/11/06 20:55:00 - __main__ - INFO - 139 - trainer - [104/257] Loss: 8.0901
2025/11/06 20:55:03 - __main__ - INFO - 139 - trainer - [156/257] Loss: 8.1315
2025/11/06 20:55:06 - __main__ - INFO - 139 - trainer - [208/257] Loss: 8.0608
2025/11/06 20:55:08 - __main__ - INFO - 104 - trainer - Epoch: 18
2025/11/06 20:55:08 - __main__ - INFO - 139 - trainer - [0/257] Loss: 8.0244
2025/11/06 20:55:11 - __main__ - INFO - 139 - trainer - [52/257] Loss: 7.8440
2025/11/06 20:55:14 - __main__ - INFO - 139 - trainer - [104/257] Loss: 8.0714
2025/11/06 20:55:17 - __main__ - INFO - 139 - trainer - [156/257] Loss: 7.9882
2025/11/06 20:55:19 - __main__ - INFO - 139 - trainer - [208/257] Loss: 8.1257
2025/11/06 20:55:22 - __main__ - INFO - 104 - trainer - Epoch: 19
2025/11/06 20:55:22 - __main__ - INFO - 139 - trainer - [0/257] Loss: 8.1267
2025/11/06 20:55:25 - __main__ - INFO - 139 - trainer - [52/257] Loss: 7.9818
2025/11/06 20:55:28 - __main__ - INFO - 139 - trainer - [104/257] Loss: 7.9096
2025/11/06 20:55:31 - __main__ - INFO - 139 - trainer - [156/257] Loss: 8.0019
2025/11/06 20:55:33 - __main__ - INFO - 139 - trainer - [208/257] Loss: 8.2204
2025/11/06 20:55:36 - __main__ - INFO - 104 - trainer - Epoch: 20
2025/11/06 20:55:36 - __main__ - INFO - 139 - trainer - [0/257] Loss: 7.8989
2025/11/06 20:55:39 - __main__ - INFO - 139 - trainer - [52/257] Loss: 8.1252
2025/11/06 20:55:42 - __main__ - INFO - 139 - trainer - [104/257] Loss: 7.9623
2025/11/06 20:55:45 - __main__ - INFO - 139 - trainer - [156/257] Loss: 7.9569
2025/11/06 20:55:47 - __main__ - INFO - 139 - trainer - [208/257] Loss: 8.0683
2025/11/06 20:55:50 - __main__ - INFO - 167 - trainer - start predicting: 2025-11-06 20:55:50.447965
2025/11/06 20:56:44 - __main__ - INFO - 208 - trainer - {'Best_HR@5': np.float64(4.0601), 'Best_NDCG@5': np.float64(2.8629), 'Best_HR@10': np.float64(5.8527), 'Best_NDCG@10': np.float64(3.4418), 'Best_HR@20': np.float64(8.6218), 'Best_NDCG@20': np.float64(4.1371)}
2025/11/06 20:56:44 - __main__ - INFO - 209 - trainer - {'Best_epoch_HR@5': 20, 'Best_epoch_NDCG@5': 20, 'Best_epoch_HR@10': 20, 'Best_epoch_NDCG@10': 20, 'Best_epoch_HR@20': 20, 'Best_epoch_NDCG@20': 20}
2025/11/06 20:56:44 - __main__ - INFO - 104 - trainer - Epoch: 21
2025/11/06 20:56:44 - __main__ - INFO - 139 - trainer - [0/257] Loss: 8.0247
2025/11/06 20:56:47 - __main__ - INFO - 139 - trainer - [52/257] Loss: 7.9249
2025/11/06 20:56:50 - __main__ - INFO - 139 - trainer - [104/257] Loss: 8.0718
2025/11/06 20:56:52 - __main__ - INFO - 139 - trainer - [156/257] Loss: 7.9495
2025/11/06 20:56:55 - __main__ - INFO - 139 - trainer - [208/257] Loss: 7.9228
2025/11/06 20:56:58 - __main__ - INFO - 104 - trainer - Epoch: 22
2025/11/06 20:56:58 - __main__ - INFO - 139 - trainer - [0/257] Loss: 7.8910
2025/11/06 20:57:01 - __main__ - INFO - 139 - trainer - [52/257] Loss: 7.7941
2025/11/06 20:57:04 - __main__ - INFO - 139 - trainer - [104/257] Loss: 8.0480
2025/11/06 20:57:06 - __main__ - INFO - 139 - trainer - [156/257] Loss: 7.9026
2025/11/06 20:57:09 - __main__ - INFO - 139 - trainer - [208/257] Loss: 7.8870
2025/11/06 20:57:12 - __main__ - INFO - 104 - trainer - Epoch: 23
2025/11/06 20:57:12 - __main__ - INFO - 139 - trainer - [0/257] Loss: 7.9373
2025/11/06 20:57:15 - __main__ - INFO - 139 - trainer - [52/257] Loss: 7.8106
2025/11/06 20:57:17 - __main__ - INFO - 139 - trainer - [104/257] Loss: 7.9857
2025/11/06 20:57:20 - __main__ - INFO - 139 - trainer - [156/257] Loss: 7.9089
2025/11/06 20:57:23 - __main__ - INFO - 139 - trainer - [208/257] Loss: 7.9272
2025/11/06 20:57:26 - __main__ - INFO - 104 - trainer - Epoch: 24
2025/11/06 20:57:26 - __main__ - INFO - 139 - trainer - [0/257] Loss: 7.7882
2025/11/06 20:57:29 - __main__ - INFO - 139 - trainer - [52/257] Loss: 7.8361
2025/11/06 20:57:32 - __main__ - INFO - 139 - trainer - [104/257] Loss: 7.9032
2025/11/06 20:57:34 - __main__ - INFO - 139 - trainer - [156/257] Loss: 7.6363
2025/11/06 20:57:37 - __main__ - INFO - 139 - trainer - [208/257] Loss: 7.8934
2025/11/06 20:57:40 - __main__ - INFO - 104 - trainer - Epoch: 25
2025/11/06 20:57:40 - __main__ - INFO - 139 - trainer - [0/257] Loss: 8.0384
2025/11/06 20:57:43 - __main__ - INFO - 139 - trainer - [52/257] Loss: 7.8213
2025/11/06 20:57:46 - __main__ - INFO - 139 - trainer - [104/257] Loss: 7.8936
2025/11/06 20:57:48 - __main__ - INFO - 139 - trainer - [156/257] Loss: 7.8865
2025/11/06 20:57:51 - __main__ - INFO - 139 - trainer - [208/257] Loss: 7.7605
2025/11/06 20:57:54 - __main__ - INFO - 104 - trainer - Epoch: 26
2025/11/06 20:57:54 - __main__ - INFO - 139 - trainer - [0/257] Loss: 7.7597
2025/11/06 20:57:57 - __main__ - INFO - 139 - trainer - [52/257] Loss: 7.6897
2025/11/06 20:58:00 - __main__ - INFO - 139 - trainer - [104/257] Loss: 7.6116
2025/11/06 20:58:02 - __main__ - INFO - 139 - trainer - [156/257] Loss: 7.6472
2025/11/06 20:58:05 - __main__ - INFO - 139 - trainer - [208/257] Loss: 7.7072
2025/11/06 20:58:08 - __main__ - INFO - 104 - trainer - Epoch: 27
2025/11/06 20:58:08 - __main__ - INFO - 139 - trainer - [0/257] Loss: 7.7879
2025/11/06 20:58:11 - __main__ - INFO - 139 - trainer - [52/257] Loss: 7.7813
2025/11/06 20:58:13 - __main__ - INFO - 139 - trainer - [104/257] Loss: 8.0213
2025/11/06 20:58:16 - __main__ - INFO - 139 - trainer - [156/257] Loss: 7.6793
2025/11/06 20:58:19 - __main__ - INFO - 139 - trainer - [208/257] Loss: 7.7160
2025/11/06 20:58:22 - __main__ - INFO - 104 - trainer - Epoch: 28
2025/11/06 20:58:22 - __main__ - INFO - 139 - trainer - [0/257] Loss: 7.6503
2025/11/06 20:58:25 - __main__ - INFO - 139 - trainer - [52/257] Loss: 7.7201
2025/11/06 20:58:27 - __main__ - INFO - 139 - trainer - [104/257] Loss: 7.7203
2025/11/06 20:58:30 - __main__ - INFO - 139 - trainer - [156/257] Loss: 7.5162
2025/11/06 20:58:33 - __main__ - INFO - 139 - trainer - [208/257] Loss: 7.4569
2025/11/06 20:58:36 - __main__ - INFO - 104 - trainer - Epoch: 29
2025/11/06 20:58:36 - __main__ - INFO - 139 - trainer - [0/257] Loss: 7.5854
2025/11/06 20:58:39 - __main__ - INFO - 139 - trainer - [52/257] Loss: 7.6654
2025/11/06 20:58:41 - __main__ - INFO - 139 - trainer - [104/257] Loss: 7.7016
2025/11/06 20:58:44 - __main__ - INFO - 139 - trainer - [156/257] Loss: 8.0227
2025/11/06 20:58:47 - __main__ - INFO - 139 - trainer - [208/257] Loss: 7.6411
2025/11/06 20:58:50 - __main__ - INFO - 104 - trainer - Epoch: 30
2025/11/06 20:58:50 - __main__ - INFO - 139 - trainer - [0/257] Loss: 7.6192
2025/11/06 20:58:53 - __main__ - INFO - 139 - trainer - [52/257] Loss: 7.4869
2025/11/06 20:58:55 - __main__ - INFO - 139 - trainer - [104/257] Loss: 7.5695
2025/11/06 20:58:58 - __main__ - INFO - 139 - trainer - [156/257] Loss: 7.6824
2025/11/06 20:59:01 - __main__ - INFO - 139 - trainer - [208/257] Loss: 7.7356
2025/11/06 20:59:04 - __main__ - INFO - 104 - trainer - Epoch: 31
2025/11/06 20:59:04 - __main__ - INFO - 139 - trainer - [0/257] Loss: 7.5528
2025/11/06 20:59:07 - __main__ - INFO - 139 - trainer - [52/257] Loss: 7.6910
2025/11/06 20:59:09 - __main__ - INFO - 139 - trainer - [104/257] Loss: 7.5586
2025/11/06 20:59:12 - __main__ - INFO - 139 - trainer - [156/257] Loss: 7.6119
2025/11/06 20:59:15 - __main__ - INFO - 139 - trainer - [208/257] Loss: 7.5507
2025/11/06 20:59:18 - __main__ - INFO - 104 - trainer - Epoch: 32
2025/11/06 20:59:18 - __main__ - INFO - 139 - trainer - [0/257] Loss: 7.6118
2025/11/06 20:59:20 - __main__ - INFO - 139 - trainer - [52/257] Loss: 7.8479
2025/11/06 20:59:23 - __main__ - INFO - 139 - trainer - [104/257] Loss: 7.6981
2025/11/06 20:59:26 - __main__ - INFO - 139 - trainer - [156/257] Loss: 7.6781
2025/11/06 20:59:29 - __main__ - INFO - 139 - trainer - [208/257] Loss: 7.5129
2025/11/06 20:59:31 - __main__ - INFO - 104 - trainer - Epoch: 33
2025/11/06 20:59:32 - __main__ - INFO - 139 - trainer - [0/257] Loss: 7.3777
2025/11/06 20:59:34 - __main__ - INFO - 139 - trainer - [52/257] Loss: 7.6919
2025/11/06 20:59:37 - __main__ - INFO - 139 - trainer - [104/257] Loss: 7.4015
2025/11/06 20:59:40 - __main__ - INFO - 139 - trainer - [156/257] Loss: 7.6526
2025/11/06 20:59:43 - __main__ - INFO - 139 - trainer - [208/257] Loss: 7.5193
2025/11/06 20:59:45 - __main__ - INFO - 104 - trainer - Epoch: 34
2025/11/06 20:59:46 - __main__ - INFO - 139 - trainer - [0/257] Loss: 7.6040
2025/11/06 20:59:48 - __main__ - INFO - 139 - trainer - [52/257] Loss: 7.6477
2025/11/06 20:59:51 - __main__ - INFO - 139 - trainer - [104/257] Loss: 7.6609
2025/11/06 20:59:54 - __main__ - INFO - 139 - trainer - [156/257] Loss: 7.4564
2025/11/06 20:59:57 - __main__ - INFO - 139 - trainer - [208/257] Loss: 7.5211
2025/11/06 20:59:59 - __main__ - INFO - 104 - trainer - Epoch: 35
2025/11/06 20:59:59 - __main__ - INFO - 139 - trainer - [0/257] Loss: 7.5829
2025/11/06 21:00:02 - __main__ - INFO - 139 - trainer - [52/257] Loss: 7.5296
2025/11/06 21:00:05 - __main__ - INFO - 139 - trainer - [104/257] Loss: 7.5222
2025/11/06 21:00:08 - __main__ - INFO - 139 - trainer - [156/257] Loss: 7.5871
2025/11/06 21:00:11 - __main__ - INFO - 139 - trainer - [208/257] Loss: 7.5850
2025/11/06 21:00:13 - __main__ - INFO - 104 - trainer - Epoch: 36
2025/11/06 21:00:13 - __main__ - INFO - 139 - trainer - [0/257] Loss: 7.5589
2025/11/06 21:00:16 - __main__ - INFO - 139 - trainer - [52/257] Loss: 7.5042
2025/11/06 21:00:19 - __main__ - INFO - 139 - trainer - [104/257] Loss: 7.5913
2025/11/06 21:00:22 - __main__ - INFO - 139 - trainer - [156/257] Loss: 7.3483
2025/11/06 21:00:25 - __main__ - INFO - 139 - trainer - [208/257] Loss: 7.5452
2025/11/06 21:00:27 - __main__ - INFO - 104 - trainer - Epoch: 37
2025/11/06 21:00:27 - __main__ - INFO - 139 - trainer - [0/257] Loss: 7.5642
2025/11/06 21:00:30 - __main__ - INFO - 139 - trainer - [52/257] Loss: 7.3146
2025/11/06 21:00:33 - __main__ - INFO - 139 - trainer - [104/257] Loss: 7.4029
2025/11/06 21:00:36 - __main__ - INFO - 139 - trainer - [156/257] Loss: 7.3506
2025/11/06 21:00:39 - __main__ - INFO - 139 - trainer - [208/257] Loss: 7.4568
2025/11/06 21:00:41 - __main__ - INFO - 104 - trainer - Epoch: 38
2025/11/06 21:00:41 - __main__ - INFO - 139 - trainer - [0/257] Loss: 7.4480
2025/11/06 21:00:44 - __main__ - INFO - 139 - trainer - [52/257] Loss: 7.6650
2025/11/06 21:00:47 - __main__ - INFO - 139 - trainer - [104/257] Loss: 7.5918
2025/11/06 21:00:50 - __main__ - INFO - 139 - trainer - [156/257] Loss: 7.3927
2025/11/06 21:00:53 - __main__ - INFO - 139 - trainer - [208/257] Loss: 7.3993
2025/11/06 21:00:55 - __main__ - INFO - 104 - trainer - Epoch: 39
2025/11/06 21:00:55 - __main__ - INFO - 139 - trainer - [0/257] Loss: 7.3437
2025/11/06 21:00:58 - __main__ - INFO - 139 - trainer - [52/257] Loss: 7.3107
2025/11/06 21:01:01 - __main__ - INFO - 139 - trainer - [104/257] Loss: 7.5639
2025/11/06 21:01:04 - __main__ - INFO - 139 - trainer - [156/257] Loss: 7.6522
2025/11/06 21:01:07 - __main__ - INFO - 139 - trainer - [208/257] Loss: 7.5020
2025/11/06 21:01:09 - __main__ - INFO - 104 - trainer - Epoch: 40
2025/11/06 21:01:09 - __main__ - INFO - 139 - trainer - [0/257] Loss: 7.5107
2025/11/06 21:01:12 - __main__ - INFO - 139 - trainer - [52/257] Loss: 7.5941
2025/11/06 21:01:15 - __main__ - INFO - 139 - trainer - [104/257] Loss: 7.3359
2025/11/06 21:01:18 - __main__ - INFO - 139 - trainer - [156/257] Loss: 7.3961
2025/11/06 21:01:20 - __main__ - INFO - 139 - trainer - [208/257] Loss: 7.4625
2025/11/06 21:01:23 - __main__ - INFO - 167 - trainer - start predicting: 2025-11-06 21:01:23.671878
2025/11/06 21:02:17 - __main__ - INFO - 208 - trainer - {'Best_HR@5': np.float64(5.8009), 'Best_NDCG@5': np.float64(4.1013), 'Best_HR@10': np.float64(8.1279), 'Best_NDCG@10': np.float64(4.8479), 'Best_HR@20': np.float64(11.3527), 'Best_NDCG@20': np.float64(5.657)}
2025/11/06 21:02:17 - __main__ - INFO - 209 - trainer - {'Best_epoch_HR@5': 40, 'Best_epoch_NDCG@5': 40, 'Best_epoch_HR@10': 40, 'Best_epoch_NDCG@10': 40, 'Best_epoch_HR@20': 40, 'Best_epoch_NDCG@20': 40}
2025/11/06 21:02:17 - __main__ - INFO - 104 - trainer - Epoch: 41
2025/11/06 21:02:17 - __main__ - INFO - 139 - trainer - [0/257] Loss: 7.4717
2025/11/06 21:02:20 - __main__ - INFO - 139 - trainer - [52/257] Loss: 7.1387
2025/11/06 21:02:23 - __main__ - INFO - 139 - trainer - [104/257] Loss: 7.3848
2025/11/06 21:02:26 - __main__ - INFO - 139 - trainer - [156/257] Loss: 7.3014
2025/11/06 21:02:28 - __main__ - INFO - 139 - trainer - [208/257] Loss: 7.5118
2025/11/06 21:02:31 - __main__ - INFO - 104 - trainer - Epoch: 42
2025/11/06 21:02:31 - __main__ - INFO - 139 - trainer - [0/257] Loss: 7.2262
2025/11/06 21:02:34 - __main__ - INFO - 139 - trainer - [52/257] Loss: 7.3376
2025/11/06 21:02:37 - __main__ - INFO - 139 - trainer - [104/257] Loss: 7.1773
2025/11/06 21:02:40 - __main__ - INFO - 139 - trainer - [156/257] Loss: 7.3426
2025/11/06 21:02:42 - __main__ - INFO - 139 - trainer - [208/257] Loss: 7.4053
2025/11/06 21:02:45 - __main__ - INFO - 104 - trainer - Epoch: 43
2025/11/06 21:02:45 - __main__ - INFO - 139 - trainer - [0/257] Loss: 7.2567
2025/11/06 21:02:48 - __main__ - INFO - 139 - trainer - [52/257] Loss: 7.1530
2025/11/06 21:02:51 - __main__ - INFO - 139 - trainer - [104/257] Loss: 7.2277
2025/11/06 21:02:54 - __main__ - INFO - 139 - trainer - [156/257] Loss: 7.4762
2025/11/06 21:02:56 - __main__ - INFO - 139 - trainer - [208/257] Loss: 7.3695
2025/11/06 21:02:59 - __main__ - INFO - 104 - trainer - Epoch: 44
2025/11/06 21:02:59 - __main__ - INFO - 139 - trainer - [0/257] Loss: 7.2181
2025/11/06 21:03:02 - __main__ - INFO - 139 - trainer - [52/257] Loss: 7.1829
2025/11/06 21:03:05 - __main__ - INFO - 139 - trainer - [104/257] Loss: 7.3237
2025/11/06 21:03:08 - __main__ - INFO - 139 - trainer - [156/257] Loss: 7.2466
2025/11/06 21:03:10 - __main__ - INFO - 139 - trainer - [208/257] Loss: 7.4515
2025/11/06 21:03:13 - __main__ - INFO - 104 - trainer - Epoch: 45
2025/11/06 21:03:13 - __main__ - INFO - 139 - trainer - [0/257] Loss: 7.0428
2025/11/06 21:03:16 - __main__ - INFO - 139 - trainer - [52/257] Loss: 7.2276
2025/11/06 21:03:19 - __main__ - INFO - 139 - trainer - [104/257] Loss: 7.2386
2025/11/06 21:03:21 - __main__ - INFO - 139 - trainer - [156/257] Loss: 7.3240
2025/11/06 21:03:24 - __main__ - INFO - 139 - trainer - [208/257] Loss: 7.3413
2025/11/06 21:03:27 - __main__ - INFO - 104 - trainer - Epoch: 46
2025/11/06 21:03:27 - __main__ - INFO - 139 - trainer - [0/257] Loss: 7.3031
2025/11/06 21:03:30 - __main__ - INFO - 139 - trainer - [52/257] Loss: 7.0367
2025/11/06 21:03:32 - __main__ - INFO - 139 - trainer - [104/257] Loss: 7.0868
2025/11/06 21:03:35 - __main__ - INFO - 139 - trainer - [156/257] Loss: 7.4365
2025/11/06 21:03:38 - __main__ - INFO - 139 - trainer - [208/257] Loss: 7.3271
2025/11/06 21:03:41 - __main__ - INFO - 104 - trainer - Epoch: 47
2025/11/06 21:03:41 - __main__ - INFO - 139 - trainer - [0/257] Loss: 7.1962
2025/11/06 21:03:44 - __main__ - INFO - 139 - trainer - [52/257] Loss: 7.1194
2025/11/06 21:03:46 - __main__ - INFO - 139 - trainer - [104/257] Loss: 7.2643
2025/11/06 21:03:49 - __main__ - INFO - 139 - trainer - [156/257] Loss: 7.2381
2025/11/06 21:03:52 - __main__ - INFO - 139 - trainer - [208/257] Loss: 7.1868
2025/11/06 21:03:54 - __main__ - INFO - 104 - trainer - Epoch: 48
2025/11/06 21:03:55 - __main__ - INFO - 139 - trainer - [0/257] Loss: 7.0610
2025/11/06 21:03:57 - __main__ - INFO - 139 - trainer - [52/257] Loss: 7.1396
2025/11/06 21:04:00 - __main__ - INFO - 139 - trainer - [104/257] Loss: 7.3552
2025/11/06 21:04:03 - __main__ - INFO - 139 - trainer - [156/257] Loss: 7.2180
2025/11/06 21:04:06 - __main__ - INFO - 139 - trainer - [208/257] Loss: 7.1398
2025/11/06 21:04:08 - __main__ - INFO - 104 - trainer - Epoch: 49
2025/11/06 21:04:08 - __main__ - INFO - 139 - trainer - [0/257] Loss: 7.3068
2025/11/06 21:04:11 - __main__ - INFO - 139 - trainer - [52/257] Loss: 7.2952
2025/11/06 21:04:14 - __main__ - INFO - 139 - trainer - [104/257] Loss: 7.2448
2025/11/06 21:04:17 - __main__ - INFO - 139 - trainer - [156/257] Loss: 7.2027
2025/11/06 21:04:19 - __main__ - INFO - 139 - trainer - [208/257] Loss: 7.2561
2025/11/06 21:04:22 - __main__ - INFO - 104 - trainer - Epoch: 50
2025/11/06 21:04:22 - __main__ - INFO - 139 - trainer - [0/257] Loss: 7.3041
2025/11/06 21:04:25 - __main__ - INFO - 139 - trainer - [52/257] Loss: 7.2270
2025/11/06 21:04:28 - __main__ - INFO - 139 - trainer - [104/257] Loss: 7.2048
2025/11/06 21:04:31 - __main__ - INFO - 139 - trainer - [156/257] Loss: 7.2285
2025/11/06 21:04:33 - __main__ - INFO - 139 - trainer - [208/257] Loss: 7.2100
2025/11/06 21:04:36 - __main__ - INFO - 104 - trainer - Epoch: 51
2025/11/06 21:04:36 - __main__ - INFO - 139 - trainer - [0/257] Loss: 7.3340
2025/11/06 21:04:39 - __main__ - INFO - 139 - trainer - [52/257] Loss: 7.1910
2025/11/06 21:04:42 - __main__ - INFO - 139 - trainer - [104/257] Loss: 6.9172
2025/11/06 21:04:45 - __main__ - INFO - 139 - trainer - [156/257] Loss: 7.1398
2025/11/06 21:04:47 - __main__ - INFO - 139 - trainer - [208/257] Loss: 7.1117
2025/11/06 21:04:50 - __main__ - INFO - 104 - trainer - Epoch: 52
2025/11/06 21:04:50 - __main__ - INFO - 139 - trainer - [0/257] Loss: 7.2999
2025/11/06 21:04:53 - __main__ - INFO - 139 - trainer - [52/257] Loss: 6.8428
2025/11/06 21:04:56 - __main__ - INFO - 139 - trainer - [104/257] Loss: 7.2063
2025/11/06 21:04:59 - __main__ - INFO - 139 - trainer - [156/257] Loss: 7.1619
2025/11/06 21:05:01 - __main__ - INFO - 139 - trainer - [208/257] Loss: 7.1488
2025/11/06 21:05:04 - __main__ - INFO - 104 - trainer - Epoch: 53
2025/11/06 21:05:04 - __main__ - INFO - 139 - trainer - [0/257] Loss: 7.1411
2025/11/06 21:05:07 - __main__ - INFO - 139 - trainer - [52/257] Loss: 7.0586
2025/11/06 21:05:10 - __main__ - INFO - 139 - trainer - [104/257] Loss: 7.0284
2025/11/06 21:05:12 - __main__ - INFO - 139 - trainer - [156/257] Loss: 7.3352
2025/11/06 21:05:15 - __main__ - INFO - 139 - trainer - [208/257] Loss: 7.0945
2025/11/06 21:05:18 - __main__ - INFO - 104 - trainer - Epoch: 54
2025/11/06 21:05:18 - __main__ - INFO - 139 - trainer - [0/257] Loss: 7.1531
2025/11/06 21:05:21 - __main__ - INFO - 139 - trainer - [52/257] Loss: 7.0847
2025/11/06 21:05:24 - __main__ - INFO - 139 - trainer - [104/257] Loss: 7.1880
2025/11/06 21:05:26 - __main__ - INFO - 139 - trainer - [156/257] Loss: 7.0500
2025/11/06 21:05:29 - __main__ - INFO - 139 - trainer - [208/257] Loss: 7.1886
2025/11/06 21:05:32 - __main__ - INFO - 104 - trainer - Epoch: 55
2025/11/06 21:05:32 - __main__ - INFO - 139 - trainer - [0/257] Loss: 7.3096
2025/11/06 21:05:35 - __main__ - INFO - 139 - trainer - [52/257] Loss: 6.8071
2025/11/06 21:05:38 - __main__ - INFO - 139 - trainer - [104/257] Loss: 6.9798
2025/11/06 21:05:40 - __main__ - INFO - 139 - trainer - [156/257] Loss: 7.2403
2025/11/06 21:05:43 - __main__ - INFO - 139 - trainer - [208/257] Loss: 7.0423
2025/11/06 21:05:46 - __main__ - INFO - 104 - trainer - Epoch: 56
2025/11/06 21:05:46 - __main__ - INFO - 139 - trainer - [0/257] Loss: 7.1060
2025/11/06 21:05:49 - __main__ - INFO - 139 - trainer - [52/257] Loss: 7.1959
2025/11/06 21:05:52 - __main__ - INFO - 139 - trainer - [104/257] Loss: 7.0975
2025/11/06 21:05:54 - __main__ - INFO - 139 - trainer - [156/257] Loss: 7.0060
2025/11/06 21:05:57 - __main__ - INFO - 139 - trainer - [208/257] Loss: 7.0959
2025/11/06 21:06:00 - __main__ - INFO - 104 - trainer - Epoch: 57
2025/11/06 21:06:00 - __main__ - INFO - 139 - trainer - [0/257] Loss: 6.8752
2025/11/06 21:06:03 - __main__ - INFO - 139 - trainer - [52/257] Loss: 7.1184
2025/11/06 21:06:05 - __main__ - INFO - 139 - trainer - [104/257] Loss: 7.0267
2025/11/06 21:06:08 - __main__ - INFO - 139 - trainer - [156/257] Loss: 6.8727
2025/11/06 21:06:11 - __main__ - INFO - 139 - trainer - [208/257] Loss: 6.9066
2025/11/06 21:06:14 - __main__ - INFO - 104 - trainer - Epoch: 58
2025/11/06 21:06:14 - __main__ - INFO - 139 - trainer - [0/257] Loss: 7.0949
2025/11/06 21:06:17 - __main__ - INFO - 139 - trainer - [52/257] Loss: 7.0659
2025/11/06 21:06:19 - __main__ - INFO - 139 - trainer - [104/257] Loss: 7.0316
2025/11/06 21:06:22 - __main__ - INFO - 139 - trainer - [156/257] Loss: 7.2780
2025/11/06 21:06:25 - __main__ - INFO - 139 - trainer - [208/257] Loss: 6.9534
2025/11/06 21:06:28 - __main__ - INFO - 104 - trainer - Epoch: 59
2025/11/06 21:06:28 - __main__ - INFO - 139 - trainer - [0/257] Loss: 6.9859
2025/11/06 21:06:30 - __main__ - INFO - 139 - trainer - [52/257] Loss: 6.9919
2025/11/06 21:06:33 - __main__ - INFO - 139 - trainer - [104/257] Loss: 7.0038
2025/11/06 21:06:36 - __main__ - INFO - 139 - trainer - [156/257] Loss: 6.9267
2025/11/06 21:06:39 - __main__ - INFO - 139 - trainer - [208/257] Loss: 6.8976
2025/11/06 21:06:42 - __main__ - INFO - 104 - trainer - Epoch: 60
2025/11/06 21:06:42 - __main__ - INFO - 139 - trainer - [0/257] Loss: 6.8589
2025/11/06 21:06:45 - __main__ - INFO - 139 - trainer - [52/257] Loss: 6.8729
2025/11/06 21:06:47 - __main__ - INFO - 139 - trainer - [104/257] Loss: 6.9790
2025/11/06 21:06:50 - __main__ - INFO - 139 - trainer - [156/257] Loss: 6.9182
2025/11/06 21:06:53 - __main__ - INFO - 139 - trainer - [208/257] Loss: 6.8449
2025/11/06 21:06:56 - __main__ - INFO - 167 - trainer - start predicting: 2025-11-06 21:06:56.110111
2025/11/06 21:07:49 - __main__ - INFO - 208 - trainer - {'Best_HR@5': np.float64(6.6314), 'Best_NDCG@5': np.float64(4.7482), 'Best_HR@10': np.float64(9.2946), 'Best_NDCG@10': np.float64(5.609), 'Best_HR@20': np.float64(12.4785), 'Best_NDCG@20': np.float64(6.4073)}
2025/11/06 21:07:49 - __main__ - INFO - 209 - trainer - {'Best_epoch_HR@5': 60, 'Best_epoch_NDCG@5': 60, 'Best_epoch_HR@10': 60, 'Best_epoch_NDCG@10': 60, 'Best_epoch_HR@20': 60, 'Best_epoch_NDCG@20': 60}
2025/11/06 21:07:50 - __main__ - INFO - 104 - trainer - Epoch: 61
2025/11/06 21:07:50 - __main__ - INFO - 139 - trainer - [0/257] Loss: 6.7377
2025/11/06 21:07:52 - __main__ - INFO - 139 - trainer - [52/257] Loss: 6.9613
2025/11/06 21:07:55 - __main__ - INFO - 139 - trainer - [104/257] Loss: 6.8597
2025/11/06 21:07:58 - __main__ - INFO - 139 - trainer - [156/257] Loss: 7.1536
2025/11/06 21:08:01 - __main__ - INFO - 139 - trainer - [208/257] Loss: 7.0213
2025/11/06 21:08:03 - __main__ - INFO - 104 - trainer - Epoch: 62
2025/11/06 21:08:04 - __main__ - INFO - 139 - trainer - [0/257] Loss: 6.9415
2025/11/06 21:08:06 - __main__ - INFO - 139 - trainer - [52/257] Loss: 6.8532
2025/11/06 21:08:09 - __main__ - INFO - 139 - trainer - [104/257] Loss: 6.9430
2025/11/06 21:08:12 - __main__ - INFO - 139 - trainer - [156/257] Loss: 7.0908
2025/11/06 21:08:15 - __main__ - INFO - 139 - trainer - [208/257] Loss: 6.7451
2025/11/06 21:08:17 - __main__ - INFO - 104 - trainer - Epoch: 63
2025/11/06 21:08:17 - __main__ - INFO - 139 - trainer - [0/257] Loss: 7.1227
2025/11/06 21:08:20 - __main__ - INFO - 139 - trainer - [52/257] Loss: 6.9311
2025/11/06 21:08:23 - __main__ - INFO - 139 - trainer - [104/257] Loss: 6.9462
2025/11/06 21:08:26 - __main__ - INFO - 139 - trainer - [156/257] Loss: 6.8787
2025/11/06 21:08:29 - __main__ - INFO - 139 - trainer - [208/257] Loss: 6.9312
2025/11/06 21:08:31 - __main__ - INFO - 104 - trainer - Epoch: 64
2025/11/06 21:08:31 - __main__ - INFO - 139 - trainer - [0/257] Loss: 6.9127
2025/11/06 21:08:34 - __main__ - INFO - 139 - trainer - [52/257] Loss: 6.7610
2025/11/06 21:08:37 - __main__ - INFO - 139 - trainer - [104/257] Loss: 6.8844
2025/11/06 21:08:39 - __main__ - INFO - 139 - trainer - [156/257] Loss: 6.8882
2025/11/06 21:08:42 - __main__ - INFO - 139 - trainer - [208/257] Loss: 6.9331
2025/11/06 21:08:45 - __main__ - INFO - 104 - trainer - Epoch: 65
2025/11/06 21:08:45 - __main__ - INFO - 139 - trainer - [0/257] Loss: 6.8482
2025/11/06 21:08:48 - __main__ - INFO - 139 - trainer - [52/257] Loss: 6.7143
2025/11/06 21:08:51 - __main__ - INFO - 139 - trainer - [104/257] Loss: 6.7221
2025/11/06 21:08:53 - __main__ - INFO - 139 - trainer - [156/257] Loss: 6.7014
2025/11/06 21:08:56 - __main__ - INFO - 139 - trainer - [208/257] Loss: 6.8957
2025/11/06 21:08:59 - __main__ - INFO - 104 - trainer - Epoch: 66
2025/11/06 21:08:59 - __main__ - INFO - 139 - trainer - [0/257] Loss: 6.5023
2025/11/06 21:09:02 - __main__ - INFO - 139 - trainer - [52/257] Loss: 6.7646
2025/11/06 21:09:04 - __main__ - INFO - 139 - trainer - [104/257] Loss: 6.8520
2025/11/06 21:09:07 - __main__ - INFO - 139 - trainer - [156/257] Loss: 6.9180
2025/11/06 21:09:10 - __main__ - INFO - 139 - trainer - [208/257] Loss: 6.9152
2025/11/06 21:09:13 - __main__ - INFO - 104 - trainer - Epoch: 67
2025/11/06 21:09:13 - __main__ - INFO - 139 - trainer - [0/257] Loss: 6.8368
2025/11/06 21:09:16 - __main__ - INFO - 139 - trainer - [52/257] Loss: 6.8867
2025/11/06 21:09:19 - __main__ - INFO - 139 - trainer - [104/257] Loss: 6.8507
2025/11/06 21:09:21 - __main__ - INFO - 139 - trainer - [156/257] Loss: 6.8749
2025/11/06 21:09:24 - __main__ - INFO - 139 - trainer - [208/257] Loss: 6.9334
2025/11/06 21:09:27 - __main__ - INFO - 104 - trainer - Epoch: 68
2025/11/06 21:09:27 - __main__ - INFO - 139 - trainer - [0/257] Loss: 6.8460
2025/11/06 21:09:30 - __main__ - INFO - 139 - trainer - [52/257] Loss: 6.6385
2025/11/06 21:09:32 - __main__ - INFO - 139 - trainer - [104/257] Loss: 6.9064
2025/11/06 21:09:35 - __main__ - INFO - 139 - trainer - [156/257] Loss: 6.7830
2025/11/06 21:09:38 - __main__ - INFO - 139 - trainer - [208/257] Loss: 6.9304
2025/11/06 21:09:41 - __main__ - INFO - 104 - trainer - Epoch: 69
2025/11/06 21:09:41 - __main__ - INFO - 139 - trainer - [0/257] Loss: 6.7260
2025/11/06 21:09:44 - __main__ - INFO - 139 - trainer - [52/257] Loss: 6.5871
2025/11/06 21:09:46 - __main__ - INFO - 139 - trainer - [104/257] Loss: 6.5921
2025/11/06 21:09:49 - __main__ - INFO - 139 - trainer - [156/257] Loss: 6.8440
2025/11/06 21:09:52 - __main__ - INFO - 139 - trainer - [208/257] Loss: 6.9522
2025/11/06 21:09:55 - __main__ - INFO - 104 - trainer - Epoch: 70
2025/11/06 21:09:55 - __main__ - INFO - 139 - trainer - [0/257] Loss: 6.8361
2025/11/06 21:09:58 - __main__ - INFO - 139 - trainer - [52/257] Loss: 6.8494
2025/11/06 21:10:01 - __main__ - INFO - 139 - trainer - [104/257] Loss: 6.7122
2025/11/06 21:10:03 - __main__ - INFO - 139 - trainer - [156/257] Loss: 6.8216
2025/11/06 21:10:06 - __main__ - INFO - 139 - trainer - [208/257] Loss: 6.7072
2025/11/06 21:10:09 - __main__ - INFO - 104 - trainer - Epoch: 71
2025/11/06 21:10:09 - __main__ - INFO - 139 - trainer - [0/257] Loss: 6.5987
2025/11/06 21:10:12 - __main__ - INFO - 139 - trainer - [52/257] Loss: 6.8258
2025/11/06 21:10:15 - __main__ - INFO - 139 - trainer - [104/257] Loss: 6.6320
2025/11/06 21:10:17 - __main__ - INFO - 139 - trainer - [156/257] Loss: 6.5431
2025/11/06 21:10:20 - __main__ - INFO - 139 - trainer - [208/257] Loss: 6.5303
2025/11/06 21:10:23 - __main__ - INFO - 104 - trainer - Epoch: 72
2025/11/06 21:10:23 - __main__ - INFO - 139 - trainer - [0/257] Loss: 6.6321
2025/11/06 21:10:26 - __main__ - INFO - 139 - trainer - [52/257] Loss: 6.6342
2025/11/06 21:10:28 - __main__ - INFO - 139 - trainer - [104/257] Loss: 6.9060
2025/11/06 21:10:31 - __main__ - INFO - 139 - trainer - [156/257] Loss: 6.8513
2025/11/06 21:10:34 - __main__ - INFO - 139 - trainer - [208/257] Loss: 6.7986
2025/11/06 21:10:37 - __main__ - INFO - 104 - trainer - Epoch: 73
2025/11/06 21:10:37 - __main__ - INFO - 139 - trainer - [0/257] Loss: 6.7103
2025/11/06 21:10:40 - __main__ - INFO - 139 - trainer - [52/257] Loss: 6.7768
2025/11/06 21:10:43 - __main__ - INFO - 139 - trainer - [104/257] Loss: 6.6766
2025/11/06 21:10:45 - __main__ - INFO - 139 - trainer - [156/257] Loss: 6.4446
2025/11/06 21:10:48 - __main__ - INFO - 139 - trainer - [208/257] Loss: 6.6526
2025/11/06 21:10:51 - __main__ - INFO - 104 - trainer - Epoch: 74
2025/11/06 21:10:51 - __main__ - INFO - 139 - trainer - [0/257] Loss: 6.6822
2025/11/06 21:10:54 - __main__ - INFO - 139 - trainer - [52/257] Loss: 6.6246
2025/11/06 21:10:56 - __main__ - INFO - 139 - trainer - [104/257] Loss: 6.7294
2025/11/06 21:10:59 - __main__ - INFO - 139 - trainer - [156/257] Loss: 6.8002
2025/11/06 21:11:02 - __main__ - INFO - 139 - trainer - [208/257] Loss: 6.6996
2025/11/06 21:11:05 - __main__ - INFO - 104 - trainer - Epoch: 75
2025/11/06 21:11:05 - __main__ - INFO - 139 - trainer - [0/257] Loss: 6.7281
2025/11/06 21:11:08 - __main__ - INFO - 139 - trainer - [52/257] Loss: 6.5875
2025/11/06 21:11:11 - __main__ - INFO - 139 - trainer - [104/257] Loss: 6.6578
2025/11/06 21:11:13 - __main__ - INFO - 139 - trainer - [156/257] Loss: 6.7177
2025/11/06 21:11:16 - __main__ - INFO - 139 - trainer - [208/257] Loss: 6.6632
2025/11/06 21:11:19 - __main__ - INFO - 104 - trainer - Epoch: 76
2025/11/06 21:11:19 - __main__ - INFO - 139 - trainer - [0/257] Loss: 6.5031
2025/11/06 21:11:22 - __main__ - INFO - 139 - trainer - [52/257] Loss: 6.5606
2025/11/06 21:11:25 - __main__ - INFO - 139 - trainer - [104/257] Loss: 6.6455
2025/11/06 21:11:27 - __main__ - INFO - 139 - trainer - [156/257] Loss: 6.7179
2025/11/06 21:11:30 - __main__ - INFO - 139 - trainer - [208/257] Loss: 6.6862
2025/11/06 21:11:33 - __main__ - INFO - 104 - trainer - Epoch: 77
2025/11/06 21:11:33 - __main__ - INFO - 139 - trainer - [0/257] Loss: 6.5248
2025/11/06 21:11:36 - __main__ - INFO - 139 - trainer - [52/257] Loss: 6.6267
2025/11/06 21:11:38 - __main__ - INFO - 139 - trainer - [104/257] Loss: 6.7758
2025/11/06 21:11:41 - __main__ - INFO - 139 - trainer - [156/257] Loss: 6.6997
2025/11/06 21:11:44 - __main__ - INFO - 139 - trainer - [208/257] Loss: 6.6961
2025/11/06 21:11:47 - __main__ - INFO - 104 - trainer - Epoch: 78
2025/11/06 21:11:47 - __main__ - INFO - 139 - trainer - [0/257] Loss: 6.3444
2025/11/06 21:11:49 - __main__ - INFO - 139 - trainer - [52/257] Loss: 6.4229
2025/11/06 21:11:52 - __main__ - INFO - 139 - trainer - [104/257] Loss: 6.8555
2025/11/06 21:11:55 - __main__ - INFO - 139 - trainer - [156/257] Loss: 6.6989
2025/11/06 21:11:58 - __main__ - INFO - 139 - trainer - [208/257] Loss: 6.8290
2025/11/06 21:12:01 - __main__ - INFO - 104 - trainer - Epoch: 79
2025/11/06 21:12:01 - __main__ - INFO - 139 - trainer - [0/257] Loss: 6.6377
2025/11/06 21:12:03 - __main__ - INFO - 139 - trainer - [52/257] Loss: 6.4980
2025/11/06 21:12:06 - __main__ - INFO - 139 - trainer - [104/257] Loss: 6.7112
2025/11/06 21:12:09 - __main__ - INFO - 139 - trainer - [156/257] Loss: 6.5741
2025/11/06 21:12:12 - __main__ - INFO - 139 - trainer - [208/257] Loss: 6.7440
2025/11/06 21:12:15 - __main__ - INFO - 104 - trainer - Epoch: 80
2025/11/06 21:12:15 - __main__ - INFO - 139 - trainer - [0/257] Loss: 6.4499
2025/11/06 21:12:17 - __main__ - INFO - 139 - trainer - [52/257] Loss: 6.6965
2025/11/06 21:12:20 - __main__ - INFO - 139 - trainer - [104/257] Loss: 6.4677
2025/11/06 21:12:23 - __main__ - INFO - 139 - trainer - [156/257] Loss: 6.5624
2025/11/06 21:12:26 - __main__ - INFO - 139 - trainer - [208/257] Loss: 6.5574
2025/11/06 21:12:29 - __main__ - INFO - 167 - trainer - start predicting: 2025-11-06 21:12:29.015753
2025/11/06 21:13:22 - __main__ - INFO - 208 - trainer - {'Best_HR@5': np.float64(6.9507), 'Best_NDCG@5': np.float64(4.9439), 'Best_HR@10': np.float64(9.689), 'Best_NDCG@10': np.float64(5.833), 'Best_HR@20': np.float64(13.1514), 'Best_NDCG@20': np.float64(6.7031)}
2025/11/06 21:13:22 - __main__ - INFO - 209 - trainer - {'Best_epoch_HR@5': 80, 'Best_epoch_NDCG@5': 80, 'Best_epoch_HR@10': 80, 'Best_epoch_NDCG@10': 80, 'Best_epoch_HR@20': 80, 'Best_epoch_NDCG@20': 80}
2025/11/06 21:13:23 - __main__ - INFO - 104 - trainer - Epoch: 81
2025/11/06 21:13:23 - __main__ - INFO - 139 - trainer - [0/257] Loss: 6.4103
2025/11/06 21:13:25 - __main__ - INFO - 139 - trainer - [52/257] Loss: 6.6117
2025/11/06 21:13:28 - __main__ - INFO - 139 - trainer - [104/257] Loss: 6.6874
2025/11/06 21:13:31 - __main__ - INFO - 139 - trainer - [156/257] Loss: 6.5712
2025/11/06 21:13:34 - __main__ - INFO - 139 - trainer - [208/257] Loss: 6.6159
2025/11/06 21:13:36 - __main__ - INFO - 104 - trainer - Epoch: 82
2025/11/06 21:13:36 - __main__ - INFO - 139 - trainer - [0/257] Loss: 6.6891
2025/11/06 21:13:39 - __main__ - INFO - 139 - trainer - [52/257] Loss: 6.3889
2025/11/06 21:13:42 - __main__ - INFO - 139 - trainer - [104/257] Loss: 6.5100
2025/11/06 21:13:45 - __main__ - INFO - 139 - trainer - [156/257] Loss: 6.6330
2025/11/06 21:13:48 - __main__ - INFO - 139 - trainer - [208/257] Loss: 6.4864
2025/11/06 21:13:50 - __main__ - INFO - 104 - trainer - Epoch: 83
2025/11/06 21:13:51 - __main__ - INFO - 139 - trainer - [0/257] Loss: 6.2837
2025/11/06 21:13:53 - __main__ - INFO - 139 - trainer - [52/257] Loss: 6.4924
2025/11/06 21:13:56 - __main__ - INFO - 139 - trainer - [104/257] Loss: 6.5357
2025/11/06 21:13:59 - __main__ - INFO - 139 - trainer - [156/257] Loss: 6.5908
2025/11/06 21:14:02 - __main__ - INFO - 139 - trainer - [208/257] Loss: 6.6560
2025/11/06 21:14:05 - __main__ - INFO - 104 - trainer - Epoch: 84
2025/11/06 21:14:05 - __main__ - INFO - 139 - trainer - [0/257] Loss: 6.4331
2025/11/06 21:14:07 - __main__ - INFO - 139 - trainer - [52/257] Loss: 6.5167
2025/11/06 21:14:10 - __main__ - INFO - 139 - trainer - [104/257] Loss: 6.3986
2025/11/06 21:14:13 - __main__ - INFO - 139 - trainer - [156/257] Loss: 6.7012
2025/11/06 21:14:16 - __main__ - INFO - 139 - trainer - [208/257] Loss: 6.5525
2025/11/06 21:14:18 - __main__ - INFO - 104 - trainer - Epoch: 85
2025/11/06 21:14:19 - __main__ - INFO - 139 - trainer - [0/257] Loss: 6.2967
2025/11/06 21:14:21 - __main__ - INFO - 139 - trainer - [52/257] Loss: 6.4798
2025/11/06 21:14:24 - __main__ - INFO - 139 - trainer - [104/257] Loss: 6.4895
2025/11/06 21:14:27 - __main__ - INFO - 139 - trainer - [156/257] Loss: 6.4499
2025/11/06 21:14:30 - __main__ - INFO - 139 - trainer - [208/257] Loss: 6.6220
2025/11/06 21:14:32 - __main__ - INFO - 104 - trainer - Epoch: 86
2025/11/06 21:14:33 - __main__ - INFO - 139 - trainer - [0/257] Loss: 6.2812
2025/11/06 21:14:35 - __main__ - INFO - 139 - trainer - [52/257] Loss: 6.4918
2025/11/06 21:14:38 - __main__ - INFO - 139 - trainer - [104/257] Loss: 6.4783
2025/11/06 21:14:41 - __main__ - INFO - 139 - trainer - [156/257] Loss: 6.6109
2025/11/06 21:14:44 - __main__ - INFO - 139 - trainer - [208/257] Loss: 6.6193
2025/11/06 21:14:46 - __main__ - INFO - 104 - trainer - Epoch: 87
2025/11/06 21:14:46 - __main__ - INFO - 139 - trainer - [0/257] Loss: 6.4636
2025/11/06 21:14:49 - __main__ - INFO - 139 - trainer - [52/257] Loss: 6.5685
2025/11/06 21:14:52 - __main__ - INFO - 139 - trainer - [104/257] Loss: 6.4514
2025/11/06 21:14:55 - __main__ - INFO - 139 - trainer - [156/257] Loss: 6.4236
2025/11/06 21:14:58 - __main__ - INFO - 139 - trainer - [208/257] Loss: 6.5369
2025/11/06 21:15:00 - __main__ - INFO - 104 - trainer - Epoch: 88
2025/11/06 21:15:01 - __main__ - INFO - 139 - trainer - [0/257] Loss: 6.3574
2025/11/06 21:15:03 - __main__ - INFO - 139 - trainer - [52/257] Loss: 6.4788
2025/11/06 21:15:06 - __main__ - INFO - 139 - trainer - [104/257] Loss: 6.3485
2025/11/06 21:15:09 - __main__ - INFO - 139 - trainer - [156/257] Loss: 6.4619
2025/11/06 21:15:12 - __main__ - INFO - 139 - trainer - [208/257] Loss: 6.4425
2025/11/06 21:15:14 - __main__ - INFO - 104 - trainer - Epoch: 89
2025/11/06 21:15:15 - __main__ - INFO - 139 - trainer - [0/257] Loss: 6.3658
2025/11/06 21:15:17 - __main__ - INFO - 139 - trainer - [52/257] Loss: 6.2255
2025/11/06 21:15:20 - __main__ - INFO - 139 - trainer - [104/257] Loss: 6.4394
2025/11/06 21:15:23 - __main__ - INFO - 139 - trainer - [156/257] Loss: 6.3723
2025/11/06 21:15:26 - __main__ - INFO - 139 - trainer - [208/257] Loss: 6.5177
2025/11/06 21:15:29 - __main__ - INFO - 104 - trainer - Epoch: 90
2025/11/06 21:15:29 - __main__ - INFO - 139 - trainer - [0/257] Loss: 6.4479
2025/11/06 21:15:31 - __main__ - INFO - 139 - trainer - [52/257] Loss: 6.3714
2025/11/06 21:15:34 - __main__ - INFO - 139 - trainer - [104/257] Loss: 6.2844
2025/11/06 21:15:37 - __main__ - INFO - 139 - trainer - [156/257] Loss: 6.5565
2025/11/06 21:15:40 - __main__ - INFO - 139 - trainer - [208/257] Loss: 6.4775
2025/11/06 21:15:42 - __main__ - INFO - 104 - trainer - Epoch: 91
2025/11/06 21:15:43 - __main__ - INFO - 139 - trainer - [0/257] Loss: 6.3166
2025/11/06 21:15:45 - __main__ - INFO - 139 - trainer - [52/257] Loss: 6.4388
2025/11/06 21:15:48 - __main__ - INFO - 139 - trainer - [104/257] Loss: 6.2105
2025/11/06 21:15:51 - __main__ - INFO - 139 - trainer - [156/257] Loss: 6.2323
2025/11/06 21:15:54 - __main__ - INFO - 139 - trainer - [208/257] Loss: 6.4772
2025/11/06 21:15:56 - __main__ - INFO - 104 - trainer - Epoch: 92
2025/11/06 21:15:57 - __main__ - INFO - 139 - trainer - [0/257] Loss: 6.2030
2025/11/06 21:15:59 - __main__ - INFO - 139 - trainer - [52/257] Loss: 6.2227
2025/11/06 21:16:02 - __main__ - INFO - 139 - trainer - [104/257] Loss: 6.3037
2025/11/06 21:16:05 - __main__ - INFO - 139 - trainer - [156/257] Loss: 6.5387
2025/11/06 21:16:08 - __main__ - INFO - 139 - trainer - [208/257] Loss: 6.5782
2025/11/06 21:16:10 - __main__ - INFO - 104 - trainer - Epoch: 93
2025/11/06 21:16:10 - __main__ - INFO - 139 - trainer - [0/257] Loss: 6.3562
2025/11/06 21:16:13 - __main__ - INFO - 139 - trainer - [52/257] Loss: 6.3535
2025/11/06 21:16:16 - __main__ - INFO - 139 - trainer - [104/257] Loss: 6.2359
2025/11/06 21:16:19 - __main__ - INFO - 139 - trainer - [156/257] Loss: 6.3232
2025/11/06 21:16:22 - __main__ - INFO - 139 - trainer - [208/257] Loss: 6.3791
2025/11/06 21:16:24 - __main__ - INFO - 104 - trainer - Epoch: 94
2025/11/06 21:16:24 - __main__ - INFO - 139 - trainer - [0/257] Loss: 6.5624
2025/11/06 21:16:27 - __main__ - INFO - 139 - trainer - [52/257] Loss: 6.3696
2025/11/06 21:16:30 - __main__ - INFO - 139 - trainer - [104/257] Loss: 6.3088
2025/11/06 21:16:33 - __main__ - INFO - 139 - trainer - [156/257] Loss: 6.2599
2025/11/06 21:16:36 - __main__ - INFO - 139 - trainer - [208/257] Loss: 6.1263
2025/11/06 21:16:38 - __main__ - INFO - 104 - trainer - Epoch: 95
2025/11/06 21:16:38 - __main__ - INFO - 139 - trainer - [0/257] Loss: 6.3000
2025/11/06 21:16:41 - __main__ - INFO - 139 - trainer - [52/257] Loss: 6.1447
2025/11/06 21:16:44 - __main__ - INFO - 139 - trainer - [104/257] Loss: 6.4878
2025/11/06 21:16:47 - __main__ - INFO - 139 - trainer - [156/257] Loss: 6.3093
2025/11/06 21:16:50 - __main__ - INFO - 139 - trainer - [208/257] Loss: 6.4979
2025/11/06 21:16:52 - __main__ - INFO - 104 - trainer - Epoch: 96
2025/11/06 21:16:52 - __main__ - INFO - 139 - trainer - [0/257] Loss: 6.2532
2025/11/06 21:16:55 - __main__ - INFO - 139 - trainer - [52/257] Loss: 6.5544
2025/11/06 21:16:58 - __main__ - INFO - 139 - trainer - [104/257] Loss: 6.3589
2025/11/06 21:17:01 - __main__ - INFO - 139 - trainer - [156/257] Loss: 6.4358
2025/11/06 21:17:04 - __main__ - INFO - 139 - trainer - [208/257] Loss: 6.1124
2025/11/06 21:17:06 - __main__ - INFO - 104 - trainer - Epoch: 97
2025/11/06 21:17:06 - __main__ - INFO - 139 - trainer - [0/257] Loss: 6.3385
2025/11/06 21:17:09 - __main__ - INFO - 139 - trainer - [52/257] Loss: 6.2778
2025/11/06 21:17:12 - __main__ - INFO - 139 - trainer - [104/257] Loss: 6.2234
2025/11/06 21:17:15 - __main__ - INFO - 139 - trainer - [156/257] Loss: 6.3821
2025/11/06 21:17:18 - __main__ - INFO - 139 - trainer - [208/257] Loss: 6.4193
2025/11/06 21:17:20 - __main__ - INFO - 104 - trainer - Epoch: 98
2025/11/06 21:17:20 - __main__ - INFO - 139 - trainer - [0/257] Loss: 6.1967
2025/11/06 21:17:23 - __main__ - INFO - 139 - trainer - [52/257] Loss: 6.3827
2025/11/06 21:17:26 - __main__ - INFO - 139 - trainer - [104/257] Loss: 6.2185
2025/11/06 21:17:29 - __main__ - INFO - 139 - trainer - [156/257] Loss: 6.3680
2025/11/06 21:17:31 - __main__ - INFO - 139 - trainer - [208/257] Loss: 6.1919
2025/11/06 21:17:34 - __main__ - INFO - 104 - trainer - Epoch: 99
2025/11/06 21:17:34 - __main__ - INFO - 139 - trainer - [0/257] Loss: 6.2196
2025/11/06 21:17:37 - __main__ - INFO - 139 - trainer - [52/257] Loss: 6.2803
2025/11/06 21:17:40 - __main__ - INFO - 139 - trainer - [104/257] Loss: 6.3956
2025/11/06 21:17:42 - __main__ - INFO - 139 - trainer - [156/257] Loss: 6.3003
2025/11/06 21:17:45 - __main__ - INFO - 139 - trainer - [208/257] Loss: 6.2764
2025/11/06 21:17:48 - __main__ - INFO - 104 - trainer - Epoch: 100
2025/11/06 21:17:48 - __main__ - INFO - 139 - trainer - [0/257] Loss: 6.1935
2025/11/06 21:17:51 - __main__ - INFO - 139 - trainer - [52/257] Loss: 6.0843
2025/11/06 21:17:53 - __main__ - INFO - 139 - trainer - [104/257] Loss: 6.1566
2025/11/06 21:17:56 - __main__ - INFO - 139 - trainer - [156/257] Loss: 6.2678
2025/11/06 21:17:59 - __main__ - INFO - 139 - trainer - [208/257] Loss: 6.2806
2025/11/06 21:18:01 - __main__ - INFO - 167 - trainer - start predicting: 2025-11-06 21:18:01.972590
2025/11/06 21:18:55 - __main__ - INFO - 208 - trainer - {'Best_HR@5': np.float64(7.3187), 'Best_NDCG@5': np.float64(5.1635), 'Best_HR@10': np.float64(10.1124), 'Best_NDCG@10': np.float64(6.0646), 'Best_HR@20': np.float64(13.579), 'Best_NDCG@20': np.float64(6.9353)}
2025/11/06 21:18:55 - __main__ - INFO - 209 - trainer - {'Best_epoch_HR@5': 100, 'Best_epoch_NDCG@5': 100, 'Best_epoch_HR@10': 100, 'Best_epoch_NDCG@10': 100, 'Best_epoch_HR@20': 100, 'Best_epoch_NDCG@20': 100}
2025/11/06 21:18:55 - __main__ - INFO - 104 - trainer - Epoch: 101
2025/11/06 21:18:56 - __main__ - INFO - 139 - trainer - [0/257] Loss: 6.3175
2025/11/06 21:18:58 - __main__ - INFO - 139 - trainer - [52/257] Loss: 6.0700
2025/11/06 21:19:01 - __main__ - INFO - 139 - trainer - [104/257] Loss: 6.1936
2025/11/06 21:19:04 - __main__ - INFO - 139 - trainer - [156/257] Loss: 6.0179
2025/11/06 21:19:07 - __main__ - INFO - 139 - trainer - [208/257] Loss: 6.1193
2025/11/06 21:19:09 - __main__ - INFO - 104 - trainer - Epoch: 102
2025/11/06 21:19:09 - __main__ - INFO - 139 - trainer - [0/257] Loss: 6.2838
2025/11/06 21:19:12 - __main__ - INFO - 139 - trainer - [52/257] Loss: 5.9196
2025/11/06 21:19:15 - __main__ - INFO - 139 - trainer - [104/257] Loss: 6.1580
2025/11/06 21:19:18 - __main__ - INFO - 139 - trainer - [156/257] Loss: 6.1315
2025/11/06 21:19:21 - __main__ - INFO - 139 - trainer - [208/257] Loss: 6.3289
2025/11/06 21:19:23 - __main__ - INFO - 104 - trainer - Epoch: 103
2025/11/06 21:19:23 - __main__ - INFO - 139 - trainer - [0/257] Loss: 6.0504
2025/11/06 21:19:26 - __main__ - INFO - 139 - trainer - [52/257] Loss: 6.1426
2025/11/06 21:19:29 - __main__ - INFO - 139 - trainer - [104/257] Loss: 6.1976
2025/11/06 21:19:32 - __main__ - INFO - 139 - trainer - [156/257] Loss: 6.1453
2025/11/06 21:19:35 - __main__ - INFO - 139 - trainer - [208/257] Loss: 5.9982
2025/11/06 21:19:37 - __main__ - INFO - 104 - trainer - Epoch: 104
2025/11/06 21:19:37 - __main__ - INFO - 139 - trainer - [0/257] Loss: 5.9894
2025/11/06 21:19:40 - __main__ - INFO - 139 - trainer - [52/257] Loss: 6.2140
2025/11/06 21:19:43 - __main__ - INFO - 139 - trainer - [104/257] Loss: 6.1128
2025/11/06 21:19:46 - __main__ - INFO - 139 - trainer - [156/257] Loss: 6.1067
2025/11/06 21:19:49 - __main__ - INFO - 139 - trainer - [208/257] Loss: 6.2570
2025/11/06 21:19:51 - __main__ - INFO - 104 - trainer - Epoch: 105
2025/11/06 21:19:51 - __main__ - INFO - 139 - trainer - [0/257] Loss: 6.2244
2025/11/06 21:19:54 - __main__ - INFO - 139 - trainer - [52/257] Loss: 6.3122
2025/11/06 21:19:57 - __main__ - INFO - 139 - trainer - [104/257] Loss: 6.0556
2025/11/06 21:20:00 - __main__ - INFO - 139 - trainer - [156/257] Loss: 6.3619
2025/11/06 21:20:03 - __main__ - INFO - 139 - trainer - [208/257] Loss: 6.1125
2025/11/06 21:20:05 - __main__ - INFO - 104 - trainer - Epoch: 106
2025/11/06 21:20:05 - __main__ - INFO - 139 - trainer - [0/257] Loss: 6.1010
2025/11/06 21:20:08 - __main__ - INFO - 139 - trainer - [52/257] Loss: 6.1463
2025/11/06 21:20:11 - __main__ - INFO - 139 - trainer - [104/257] Loss: 6.0619
2025/11/06 21:20:14 - __main__ - INFO - 139 - trainer - [156/257] Loss: 6.0162
2025/11/06 21:20:17 - __main__ - INFO - 139 - trainer - [208/257] Loss: 6.2038
2025/11/06 21:20:19 - __main__ - INFO - 104 - trainer - Epoch: 107
2025/11/06 21:20:19 - __main__ - INFO - 139 - trainer - [0/257] Loss: 6.1680
2025/11/06 21:20:22 - __main__ - INFO - 139 - trainer - [52/257] Loss: 6.1197
2025/11/06 21:20:25 - __main__ - INFO - 139 - trainer - [104/257] Loss: 6.0431
2025/11/06 21:20:28 - __main__ - INFO - 139 - trainer - [156/257] Loss: 6.1915
2025/11/06 21:20:31 - __main__ - INFO - 139 - trainer - [208/257] Loss: 5.9981
2025/11/06 21:20:33 - __main__ - INFO - 104 - trainer - Epoch: 108
2025/11/06 21:20:33 - __main__ - INFO - 139 - trainer - [0/257] Loss: 6.1079
2025/11/06 21:20:36 - __main__ - INFO - 139 - trainer - [52/257] Loss: 6.1655
2025/11/06 21:20:39 - __main__ - INFO - 139 - trainer - [104/257] Loss: 5.9774
2025/11/06 21:20:42 - __main__ - INFO - 139 - trainer - [156/257] Loss: 6.1664
2025/11/06 21:20:45 - __main__ - INFO - 139 - trainer - [208/257] Loss: 5.9947
2025/11/06 21:20:47 - __main__ - INFO - 104 - trainer - Epoch: 109
2025/11/06 21:20:47 - __main__ - INFO - 139 - trainer - [0/257] Loss: 6.0730
2025/11/06 21:20:50 - __main__ - INFO - 139 - trainer - [52/257] Loss: 6.2052
2025/11/06 21:20:53 - __main__ - INFO - 139 - trainer - [104/257] Loss: 6.1693
2025/11/06 21:20:56 - __main__ - INFO - 139 - trainer - [156/257] Loss: 5.9853
2025/11/06 21:20:59 - __main__ - INFO - 139 - trainer - [208/257] Loss: 6.2107
2025/11/06 21:21:01 - __main__ - INFO - 104 - trainer - Epoch: 110
2025/11/06 21:21:01 - __main__ - INFO - 139 - trainer - [0/257] Loss: 6.0534
2025/11/06 21:21:04 - __main__ - INFO - 139 - trainer - [52/257] Loss: 6.1712
2025/11/06 21:21:07 - __main__ - INFO - 139 - trainer - [104/257] Loss: 6.0396
2025/11/06 21:21:10 - __main__ - INFO - 139 - trainer - [156/257] Loss: 6.1160
2025/11/06 21:21:13 - __main__ - INFO - 139 - trainer - [208/257] Loss: 6.0275
2025/11/06 21:21:15 - __main__ - INFO - 104 - trainer - Epoch: 111
2025/11/06 21:21:15 - __main__ - INFO - 139 - trainer - [0/257] Loss: 5.9503
2025/11/06 21:21:18 - __main__ - INFO - 139 - trainer - [52/257] Loss: 5.9567
2025/11/06 21:21:21 - __main__ - INFO - 139 - trainer - [104/257] Loss: 6.0472
2025/11/06 21:21:24 - __main__ - INFO - 139 - trainer - [156/257] Loss: 6.2046
2025/11/06 21:21:27 - __main__ - INFO - 139 - trainer - [208/257] Loss: 6.2495
2025/11/06 21:21:29 - __main__ - INFO - 104 - trainer - Epoch: 112
2025/11/06 21:21:29 - __main__ - INFO - 139 - trainer - [0/257] Loss: 6.1465
2025/11/06 21:21:32 - __main__ - INFO - 139 - trainer - [52/257] Loss: 6.2168
2025/11/06 21:21:35 - __main__ - INFO - 139 - trainer - [104/257] Loss: 6.0145
2025/11/06 21:21:38 - __main__ - INFO - 139 - trainer - [156/257] Loss: 6.1615
2025/11/06 21:21:41 - __main__ - INFO - 139 - trainer - [208/257] Loss: 6.1019
2025/11/06 21:21:43 - __main__ - INFO - 104 - trainer - Epoch: 113
2025/11/06 21:21:43 - __main__ - INFO - 139 - trainer - [0/257] Loss: 5.9923
2025/11/06 21:21:46 - __main__ - INFO - 139 - trainer - [52/257] Loss: 6.1064
2025/11/06 21:21:49 - __main__ - INFO - 139 - trainer - [104/257] Loss: 5.9189
2025/11/06 21:21:52 - __main__ - INFO - 139 - trainer - [156/257] Loss: 6.0668
2025/11/06 21:21:55 - __main__ - INFO - 139 - trainer - [208/257] Loss: 6.1062
2025/11/06 21:21:57 - __main__ - INFO - 104 - trainer - Epoch: 114
2025/11/06 21:21:57 - __main__ - INFO - 139 - trainer - [0/257] Loss: 6.0879
2025/11/06 21:22:00 - __main__ - INFO - 139 - trainer - [52/257] Loss: 6.1146
2025/11/06 21:22:03 - __main__ - INFO - 139 - trainer - [104/257] Loss: 5.9667
2025/11/06 21:22:06 - __main__ - INFO - 139 - trainer - [156/257] Loss: 6.0959
2025/11/06 21:22:09 - __main__ - INFO - 139 - trainer - [208/257] Loss: 5.9047
2025/11/06 21:22:11 - __main__ - INFO - 104 - trainer - Epoch: 115
2025/11/06 21:22:11 - __main__ - INFO - 139 - trainer - [0/257] Loss: 6.0718
2025/11/06 21:22:14 - __main__ - INFO - 139 - trainer - [52/257] Loss: 6.0430
2025/11/06 21:22:17 - __main__ - INFO - 139 - trainer - [104/257] Loss: 6.0084
2025/11/06 21:22:20 - __main__ - INFO - 139 - trainer - [156/257] Loss: 6.0174
2025/11/06 21:22:23 - __main__ - INFO - 139 - trainer - [208/257] Loss: 6.0968
2025/11/06 21:22:25 - __main__ - INFO - 104 - trainer - Epoch: 116
2025/11/06 21:22:25 - __main__ - INFO - 139 - trainer - [0/257] Loss: 5.9907
2025/11/06 21:22:28 - __main__ - INFO - 139 - trainer - [52/257] Loss: 5.9934
2025/11/06 21:22:31 - __main__ - INFO - 139 - trainer - [104/257] Loss: 6.0975
2025/11/06 21:22:34 - __main__ - INFO - 139 - trainer - [156/257] Loss: 6.1508
2025/11/06 21:22:37 - __main__ - INFO - 139 - trainer - [208/257] Loss: 6.1564
2025/11/06 21:22:39 - __main__ - INFO - 104 - trainer - Epoch: 117
2025/11/06 21:22:39 - __main__ - INFO - 139 - trainer - [0/257] Loss: 6.1705
2025/11/06 21:22:42 - __main__ - INFO - 139 - trainer - [52/257] Loss: 5.9680
2025/11/06 21:22:45 - __main__ - INFO - 139 - trainer - [104/257] Loss: 6.0116
2025/11/06 21:22:48 - __main__ - INFO - 139 - trainer - [156/257] Loss: 6.2131
2025/11/06 21:22:51 - __main__ - INFO - 139 - trainer - [208/257] Loss: 6.1799
2025/11/06 21:22:53 - __main__ - INFO - 104 - trainer - Epoch: 118
2025/11/06 21:22:53 - __main__ - INFO - 139 - trainer - [0/257] Loss: 6.2309
2025/11/06 21:22:56 - __main__ - INFO - 139 - trainer - [52/257] Loss: 6.1272
2025/11/06 21:22:59 - __main__ - INFO - 139 - trainer - [104/257] Loss: 6.2667
2025/11/06 21:23:02 - __main__ - INFO - 139 - trainer - [156/257] Loss: 6.1243
2025/11/06 21:23:05 - __main__ - INFO - 139 - trainer - [208/257] Loss: 6.1547
2025/11/06 21:23:07 - __main__ - INFO - 104 - trainer - Epoch: 119
2025/11/06 21:23:07 - __main__ - INFO - 139 - trainer - [0/257] Loss: 6.1264
2025/11/06 21:23:10 - __main__ - INFO - 139 - trainer - [52/257] Loss: 6.1822
2025/11/06 21:23:13 - __main__ - INFO - 139 - trainer - [104/257] Loss: 6.1592
2025/11/06 21:23:16 - __main__ - INFO - 139 - trainer - [156/257] Loss: 6.1175
2025/11/06 21:23:19 - __main__ - INFO - 139 - trainer - [208/257] Loss: 6.1160
2025/11/06 21:23:21 - __main__ - INFO - 104 - trainer - Epoch: 120
2025/11/06 21:23:21 - __main__ - INFO - 139 - trainer - [0/257] Loss: 6.1798
2025/11/06 21:23:24 - __main__ - INFO - 139 - trainer - [52/257] Loss: 6.0997
2025/11/06 21:23:27 - __main__ - INFO - 139 - trainer - [104/257] Loss: 5.9423
2025/11/06 21:23:30 - __main__ - INFO - 139 - trainer - [156/257] Loss: 6.1186
2025/11/06 21:23:32 - __main__ - INFO - 139 - trainer - [208/257] Loss: 5.9812
2025/11/06 21:23:35 - __main__ - INFO - 167 - trainer - start predicting: 2025-11-06 21:23:35.564970
2025/11/06 21:24:29 - __main__ - INFO - 208 - trainer - {'Best_HR@5': np.float64(7.3187), 'Best_NDCG@5': np.float64(5.1635), 'Best_HR@10': np.float64(10.1124), 'Best_NDCG@10': np.float64(6.0646), 'Best_HR@20': np.float64(13.579), 'Best_NDCG@20': np.float64(6.9397)}
2025/11/06 21:24:29 - __main__ - INFO - 209 - trainer - {'Best_epoch_HR@5': 100, 'Best_epoch_NDCG@5': 100, 'Best_epoch_HR@10': 100, 'Best_epoch_NDCG@10': 100, 'Best_epoch_HR@20': 100, 'Best_epoch_NDCG@20': 120}
2025/11/06 21:24:29 - __main__ - INFO - 104 - trainer - Epoch: 121
2025/11/06 21:24:29 - __main__ - INFO - 139 - trainer - [0/257] Loss: 6.0444
2025/11/06 21:24:32 - __main__ - INFO - 139 - trainer - [52/257] Loss: 6.0964
2025/11/06 21:24:35 - __main__ - INFO - 139 - trainer - [104/257] Loss: 6.2376
2025/11/06 21:24:37 - __main__ - INFO - 139 - trainer - [156/257] Loss: 6.1840
2025/11/06 21:24:40 - __main__ - INFO - 139 - trainer - [208/257] Loss: 5.9878
2025/11/06 21:24:43 - __main__ - INFO - 104 - trainer - Epoch: 122
2025/11/06 21:24:43 - __main__ - INFO - 139 - trainer - [0/257] Loss: 6.1380
2025/11/06 21:24:46 - __main__ - INFO - 139 - trainer - [52/257] Loss: 6.0956
2025/11/06 21:24:49 - __main__ - INFO - 139 - trainer - [104/257] Loss: 6.0667
2025/11/06 21:24:51 - __main__ - INFO - 139 - trainer - [156/257] Loss: 6.0849
2025/11/06 21:24:54 - __main__ - INFO - 139 - trainer - [208/257] Loss: 6.2443
2025/11/06 21:24:57 - __main__ - INFO - 104 - trainer - Epoch: 123
2025/11/06 21:24:57 - __main__ - INFO - 139 - trainer - [0/257] Loss: 6.2342
2025/11/06 21:25:00 - __main__ - INFO - 139 - trainer - [52/257] Loss: 6.0222
2025/11/06 21:25:03 - __main__ - INFO - 139 - trainer - [104/257] Loss: 5.9528
2025/11/06 21:25:05 - __main__ - INFO - 139 - trainer - [156/257] Loss: 6.1760
2025/11/06 21:25:08 - __main__ - INFO - 139 - trainer - [208/257] Loss: 6.0620
2025/11/06 21:25:11 - __main__ - INFO - 104 - trainer - Epoch: 124
2025/11/06 21:25:11 - __main__ - INFO - 139 - trainer - [0/257] Loss: 6.0626
2025/11/06 21:25:14 - __main__ - INFO - 139 - trainer - [52/257] Loss: 6.2219
2025/11/06 21:25:17 - __main__ - INFO - 139 - trainer - [104/257] Loss: 5.9876
2025/11/06 21:25:19 - __main__ - INFO - 139 - trainer - [156/257] Loss: 5.8977
2025/11/06 21:25:22 - __main__ - INFO - 139 - trainer - [208/257] Loss: 6.1499
2025/11/06 21:25:25 - __main__ - INFO - 104 - trainer - Epoch: 125
2025/11/06 21:25:25 - __main__ - INFO - 139 - trainer - [0/257] Loss: 6.0867
2025/11/06 21:25:28 - __main__ - INFO - 139 - trainer - [52/257] Loss: 6.1602
2025/11/06 21:25:30 - __main__ - INFO - 139 - trainer - [104/257] Loss: 5.9855
2025/11/06 21:25:33 - __main__ - INFO - 139 - trainer - [156/257] Loss: 5.8634
2025/11/06 21:25:36 - __main__ - INFO - 139 - trainer - [208/257] Loss: 6.1590
2025/11/06 21:25:39 - __main__ - INFO - 104 - trainer - Epoch: 126
2025/11/06 21:25:39 - __main__ - INFO - 139 - trainer - [0/257] Loss: 6.1357
2025/11/06 21:25:42 - __main__ - INFO - 139 - trainer - [52/257] Loss: 6.0360
2025/11/06 21:25:44 - __main__ - INFO - 139 - trainer - [104/257] Loss: 6.2569
2025/11/06 21:25:47 - __main__ - INFO - 139 - trainer - [156/257] Loss: 6.0361
2025/11/06 21:25:50 - __main__ - INFO - 139 - trainer - [208/257] Loss: 5.8815
2025/11/06 21:25:53 - __main__ - INFO - 104 - trainer - Epoch: 127
2025/11/06 21:25:53 - __main__ - INFO - 139 - trainer - [0/257] Loss: 6.1342
2025/11/06 21:25:56 - __main__ - INFO - 139 - trainer - [52/257] Loss: 6.1741
2025/11/06 21:25:58 - __main__ - INFO - 139 - trainer - [104/257] Loss: 5.9481
2025/11/06 21:26:01 - __main__ - INFO - 139 - trainer - [156/257] Loss: 6.0291
2025/11/06 21:26:04 - __main__ - INFO - 139 - trainer - [208/257] Loss: 6.0566
2025/11/06 21:26:07 - __main__ - INFO - 104 - trainer - Epoch: 128
2025/11/06 21:26:07 - __main__ - INFO - 139 - trainer - [0/257] Loss: 5.7732
2025/11/06 21:26:10 - __main__ - INFO - 139 - trainer - [52/257] Loss: 5.8931
2025/11/06 21:26:12 - __main__ - INFO - 139 - trainer - [104/257] Loss: 5.9520
2025/11/06 21:26:15 - __main__ - INFO - 139 - trainer - [156/257] Loss: 5.8902
2025/11/06 21:26:18 - __main__ - INFO - 139 - trainer - [208/257] Loss: 6.0211
2025/11/06 21:26:21 - __main__ - INFO - 104 - trainer - Epoch: 129
2025/11/06 21:26:21 - __main__ - INFO - 139 - trainer - [0/257] Loss: 6.1753
2025/11/06 21:26:23 - __main__ - INFO - 139 - trainer - [52/257] Loss: 6.0510
2025/11/06 21:26:26 - __main__ - INFO - 139 - trainer - [104/257] Loss: 6.1375
2025/11/06 21:26:29 - __main__ - INFO - 139 - trainer - [156/257] Loss: 5.9833
2025/11/06 21:26:32 - __main__ - INFO - 139 - trainer - [208/257] Loss: 5.9263
2025/11/06 21:26:35 - __main__ - INFO - 104 - trainer - Epoch: 130
2025/11/06 21:26:35 - __main__ - INFO - 139 - trainer - [0/257] Loss: 6.0888
2025/11/06 21:26:37 - __main__ - INFO - 139 - trainer - [52/257] Loss: 5.9696
2025/11/06 21:26:40 - __main__ - INFO - 139 - trainer - [104/257] Loss: 6.0949
2025/11/06 21:26:43 - __main__ - INFO - 139 - trainer - [156/257] Loss: 6.1260
2025/11/06 21:26:46 - __main__ - INFO - 139 - trainer - [208/257] Loss: 6.1669
2025/11/06 21:26:48 - __main__ - INFO - 104 - trainer - Epoch: 131
2025/11/06 21:26:48 - __main__ - INFO - 139 - trainer - [0/257] Loss: 6.1504
2025/11/06 21:26:51 - __main__ - INFO - 139 - trainer - [52/257] Loss: 6.1149
2025/11/06 21:26:54 - __main__ - INFO - 139 - trainer - [104/257] Loss: 6.0243
2025/11/06 21:26:57 - __main__ - INFO - 139 - trainer - [156/257] Loss: 6.2410
2025/11/06 21:27:00 - __main__ - INFO - 139 - trainer - [208/257] Loss: 5.9898
2025/11/06 21:27:02 - __main__ - INFO - 104 - trainer - Epoch: 132
2025/11/06 21:27:02 - __main__ - INFO - 139 - trainer - [0/257] Loss: 6.2238
2025/11/06 21:27:05 - __main__ - INFO - 139 - trainer - [52/257] Loss: 6.0894
2025/11/06 21:27:08 - __main__ - INFO - 139 - trainer - [104/257] Loss: 6.1060
2025/11/06 21:27:11 - __main__ - INFO - 139 - trainer - [156/257] Loss: 6.1143
2025/11/06 21:27:14 - __main__ - INFO - 139 - trainer - [208/257] Loss: 6.0667
2025/11/06 21:27:16 - __main__ - INFO - 104 - trainer - Epoch: 133
2025/11/06 21:27:16 - __main__ - INFO - 139 - trainer - [0/257] Loss: 5.9129
2025/11/06 21:27:19 - __main__ - INFO - 139 - trainer - [52/257] Loss: 6.0670
2025/11/06 21:27:22 - __main__ - INFO - 139 - trainer - [104/257] Loss: 6.0357
2025/11/06 21:27:25 - __main__ - INFO - 139 - trainer - [156/257] Loss: 6.2034
2025/11/06 21:27:28 - __main__ - INFO - 139 - trainer - [208/257] Loss: 5.9749
2025/11/06 21:27:30 - __main__ - INFO - 104 - trainer - Epoch: 134
2025/11/06 21:27:30 - __main__ - INFO - 139 - trainer - [0/257] Loss: 6.0914
2025/11/06 21:27:33 - __main__ - INFO - 139 - trainer - [52/257] Loss: 5.9685
2025/11/06 21:27:36 - __main__ - INFO - 139 - trainer - [104/257] Loss: 6.0542
2025/11/06 21:27:39 - __main__ - INFO - 139 - trainer - [156/257] Loss: 6.3109
2025/11/06 21:27:42 - __main__ - INFO - 139 - trainer - [208/257] Loss: 6.2332
2025/11/06 21:27:44 - __main__ - INFO - 104 - trainer - Epoch: 135
2025/11/06 21:27:44 - __main__ - INFO - 139 - trainer - [0/257] Loss: 6.0184
2025/11/06 21:27:47 - __main__ - INFO - 139 - trainer - [52/257] Loss: 6.1761
2025/11/06 21:27:50 - __main__ - INFO - 139 - trainer - [104/257] Loss: 6.1128
2025/11/06 21:27:53 - __main__ - INFO - 139 - trainer - [156/257] Loss: 6.0424
2025/11/06 21:27:56 - __main__ - INFO - 139 - trainer - [208/257] Loss: 6.0509
2025/11/06 21:27:58 - __main__ - INFO - 104 - trainer - Epoch: 136
2025/11/06 21:27:58 - __main__ - INFO - 139 - trainer - [0/257] Loss: 6.1544
2025/11/06 21:28:01 - __main__ - INFO - 139 - trainer - [52/257] Loss: 6.0350
2025/11/06 21:28:04 - __main__ - INFO - 139 - trainer - [104/257] Loss: 6.1481
2025/11/06 21:28:07 - __main__ - INFO - 139 - trainer - [156/257] Loss: 5.9713
2025/11/06 21:28:10 - __main__ - INFO - 139 - trainer - [208/257] Loss: 6.1378
2025/11/06 21:28:12 - __main__ - INFO - 104 - trainer - Epoch: 137
2025/11/06 21:28:12 - __main__ - INFO - 139 - trainer - [0/257] Loss: 6.0526
2025/11/06 21:28:15 - __main__ - INFO - 139 - trainer - [52/257] Loss: 6.1362
2025/11/06 21:28:18 - __main__ - INFO - 139 - trainer - [104/257] Loss: 6.0124
2025/11/06 21:28:21 - __main__ - INFO - 139 - trainer - [156/257] Loss: 5.9823
2025/11/06 21:28:24 - __main__ - INFO - 139 - trainer - [208/257] Loss: 6.0028
2025/11/06 21:28:26 - __main__ - INFO - 104 - trainer - Epoch: 138
2025/11/06 21:28:26 - __main__ - INFO - 139 - trainer - [0/257] Loss: 6.2581
2025/11/06 21:28:29 - __main__ - INFO - 139 - trainer - [52/257] Loss: 5.9233
2025/11/06 21:28:32 - __main__ - INFO - 139 - trainer - [104/257] Loss: 6.1571
2025/11/06 21:28:35 - __main__ - INFO - 139 - trainer - [156/257] Loss: 6.0699
2025/11/06 21:28:38 - __main__ - INFO - 139 - trainer - [208/257] Loss: 6.2318
2025/11/06 21:28:40 - __main__ - INFO - 104 - trainer - Epoch: 139
2025/11/06 21:28:40 - __main__ - INFO - 139 - trainer - [0/257] Loss: 6.0495
2025/11/06 21:28:43 - __main__ - INFO - 139 - trainer - [52/257] Loss: 6.1500
2025/11/06 21:28:46 - __main__ - INFO - 139 - trainer - [104/257] Loss: 6.1407
2025/11/06 21:28:48 - __main__ - INFO - 139 - trainer - [156/257] Loss: 6.0838
2025/11/06 21:28:51 - __main__ - INFO - 139 - trainer - [208/257] Loss: 5.9086
2025/11/06 21:28:54 - __main__ - INFO - 104 - trainer - Epoch: 140
2025/11/06 21:28:54 - __main__ - INFO - 139 - trainer - [0/257] Loss: 5.9495
2025/11/06 21:28:57 - __main__ - INFO - 139 - trainer - [52/257] Loss: 6.0740
2025/11/06 21:28:59 - __main__ - INFO - 139 - trainer - [104/257] Loss: 6.0459
2025/11/06 21:29:02 - __main__ - INFO - 139 - trainer - [156/257] Loss: 5.9380
2025/11/06 21:29:05 - __main__ - INFO - 139 - trainer - [208/257] Loss: 5.9203
2025/11/06 21:29:08 - __main__ - INFO - 167 - trainer - start predicting: 2025-11-06 21:29:08.266681
