2025/11/18 19:14:59 - __main__ - INFO - 121 - main - Namespace(dataset='amazon_beauty', log_file='log/', random_seed=1997, max_len=50, device=device(type='cuda', index=0), num_gpu=1, batch_size=512, hidden_size=128, dropout=0.1, emb_dropout=0.3, hidden_act='gelu', num_blocks=4, epochs=1, decay_step=100, gamma=0.1, metric_ks=[5, 10, 20], optimizer='Adam', lr=0.001, loss_lambda=0, weight_decay=0, momentum=None, schedule_sampler_name='lossaware', diffusion_steps=32, lambda_uncertainty=0.001, noise_schedule='trunc_lin', rescale_timesteps=True, eval_interval=20, patience=5, description='Diffu_norm_score', long_head=False, diversity_measure=False, epoch_time_avg=False, model='freqdiffusion', maxlen=200, hidden_units=50, num_epochs=1000, num_heads=1, dropout_rate=0.2, l2_emb=0.0, inference_only=False, state_dict_path=None, norm_first=False, lambda_freq=10, w_low=1.0, w_mid=1.0, w_high=1.0)
2025/11/18 19:15:00 - __main__ - INFO - 110 - trainer - Epoch: 0
2025/11/18 19:15:01 - __main__ - INFO - 251 - trainer - [0/257] Loss: 44.9846
2025/11/18 19:15:01 - __main__ - INFO - 255 - trainer - [0/257] Loss: 2.2793
2025/11/18 19:15:13 - __main__ - INFO - 251 - trainer - [51/257] Loss: 32.0306
2025/11/18 19:15:13 - __main__ - INFO - 255 - trainer - [51/257] Loss: 2.5245
2025/11/18 19:15:25 - __main__ - INFO - 251 - trainer - [102/257] Loss: 26.2167
2025/11/18 19:15:25 - __main__ - INFO - 255 - trainer - [102/257] Loss: 2.6104
2025/11/18 19:15:38 - __main__ - INFO - 251 - trainer - [153/257] Loss: 22.7505
2025/11/18 19:15:38 - __main__ - INFO - 255 - trainer - [153/257] Loss: 2.0352
2025/11/18 19:15:52 - __main__ - INFO - 251 - trainer - [204/257] Loss: 19.9011
2025/11/18 19:15:52 - __main__ - INFO - 255 - trainer - [204/257] Loss: 1.4755
2025/11/18 19:16:05 - __main__ - INFO - 251 - trainer - [255/257] Loss: 18.7379
2025/11/18 19:16:05 - __main__ - INFO - 255 - trainer - [255/257] Loss: 1.3091
2025/11/18 19:16:05 - __main__ - INFO - 330 - trainer - {'Best_HR@5': 0, 'Best_NDCG@5': 0, 'Best_HR@10': 0, 'Best_NDCG@10': 0, 'Best_HR@20': 0, 'Best_NDCG@20': 0}
2025/11/18 19:16:05 - __main__ - INFO - 331 - trainer - {'Best_epoch_HR@5': 0, 'Best_epoch_NDCG@5': 0, 'Best_epoch_HR@10': 0, 'Best_epoch_NDCG@10': 0, 'Best_epoch_HR@20': 0, 'Best_epoch_NDCG@20': 0}
2025/11/18 19:17:25 - __main__ - INFO - 378 - trainer - Test------------------------------------------------------
2025/11/18 19:17:25 - __main__ - INFO - 380 - trainer - {'HR@5': 0.071, 'NDCG@5': 0.0416, 'HR@10': 0.1465, 'NDCG@10': 0.0657, 'HR@20': 0.2729, 'NDCG@20': 0.0968}
2025/11/18 19:17:25 - __main__ - INFO - 382 - trainer - Best Eval---------------------------------------------------------
2025/11/18 19:17:25 - __main__ - INFO - 385 - trainer - {'Best_HR@5': 0, 'Best_NDCG@5': 0, 'Best_HR@10': 0, 'Best_NDCG@10': 0, 'Best_HR@20': 0, 'Best_NDCG@20': 0}
2025/11/18 19:17:25 - __main__ - INFO - 386 - trainer - {'Best_epoch_HR@5': 0, 'Best_epoch_NDCG@5': 0, 'Best_epoch_HR@10': 0, 'Best_epoch_NDCG@10': 0, 'Best_epoch_HR@20': 0, 'Best_epoch_NDCG@20': 0}
