2025/11/12 17:57:51 - __main__ - INFO - 115 - main - Namespace(dataset='amazon_beauty', log_file='log/', random_seed=1997, max_len=50, device=device(type='cuda', index=0), num_gpu=1, batch_size=512, hidden_size=128, dropout=0.1, emb_dropout=0.3, hidden_act='gelu', num_blocks=4, epochs=3, decay_step=100, gamma=0.1, metric_ks=[5, 10, 20], optimizer='Adam', lr=0.001, loss_lambda=0, weight_decay=0, momentum=None, schedule_sampler_name='lossaware', diffusion_steps=32, lambda_uncertainty=0.001, noise_schedule='trunc_lin', rescale_timesteps=True, eval_interval=20, patience=5, description='Diffu_norm_score', long_head=False, diversity_measure=False, epoch_time_avg=False, model='freqdiffusion', maxlen=200, hidden_units=50, num_epochs=1000, num_heads=1, dropout_rate=0.2, l2_emb=0.0, inference_only=False, state_dict_path=None, norm_first=False)
2025/11/12 17:57:52 - __main__ - INFO - 111 - trainer - Epoch: 0
2025/11/12 17:57:53 - __main__ - INFO - 250 - trainer - [0/256] Loss: 10.2505
2025/11/12 17:57:53 - __main__ - INFO - 252 - trainer - [0/256] Loss: 0.0000
2025/11/12 17:58:02 - __main__ - INFO - 250 - trainer - [52/256] Loss: 9.8609
2025/11/12 17:58:02 - __main__ - INFO - 252 - trainer - [52/256] Loss: 0.0000
2025/11/12 17:58:10 - __main__ - INFO - 250 - trainer - [104/256] Loss: 9.7197
2025/11/12 17:58:10 - __main__ - INFO - 252 - trainer - [104/256] Loss: 0.0000
2025/11/12 17:58:19 - __main__ - INFO - 250 - trainer - [156/256] Loss: 9.5621
2025/11/12 17:58:19 - __main__ - INFO - 252 - trainer - [156/256] Loss: 0.0000
2025/11/12 17:58:28 - __main__ - INFO - 250 - trainer - [208/256] Loss: 9.4314
2025/11/12 17:58:28 - __main__ - INFO - 252 - trainer - [208/256] Loss: 0.0000
2025/11/12 17:58:36 - __main__ - INFO - 111 - trainer - Epoch: 1
2025/11/12 17:58:36 - __main__ - INFO - 250 - trainer - [0/256] Loss: 9.1773
2025/11/12 17:58:36 - __main__ - INFO - 252 - trainer - [0/256] Loss: 0.0000
2025/11/12 17:58:45 - __main__ - INFO - 250 - trainer - [52/256] Loss: 9.1950
2025/11/12 17:58:45 - __main__ - INFO - 252 - trainer - [52/256] Loss: 0.0000
2025/11/12 17:58:54 - __main__ - INFO - 250 - trainer - [104/256] Loss: 9.1955
2025/11/12 17:58:54 - __main__ - INFO - 252 - trainer - [104/256] Loss: 0.0000
2025/11/12 17:59:03 - __main__ - INFO - 250 - trainer - [156/256] Loss: 9.1455
2025/11/12 17:59:03 - __main__ - INFO - 252 - trainer - [156/256] Loss: 0.0000
2025/11/12 17:59:12 - __main__ - INFO - 250 - trainer - [208/256] Loss: 9.1164
2025/11/12 17:59:12 - __main__ - INFO - 252 - trainer - [208/256] Loss: 0.0000
2025/11/12 17:59:20 - __main__ - INFO - 111 - trainer - Epoch: 2
2025/11/12 17:59:20 - __main__ - INFO - 250 - trainer - [0/256] Loss: 8.9221
2025/11/12 17:59:20 - __main__ - INFO - 252 - trainer - [0/256] Loss: 0.3296
2025/11/12 17:59:29 - __main__ - INFO - 250 - trainer - [52/256] Loss: 9.2510
2025/11/12 17:59:29 - __main__ - INFO - 252 - trainer - [52/256] Loss: 0.3414
2025/11/12 17:59:37 - __main__ - INFO - 250 - trainer - [104/256] Loss: 9.2662
2025/11/12 17:59:37 - __main__ - INFO - 252 - trainer - [104/256] Loss: 0.3163
2025/11/12 17:59:46 - __main__ - INFO - 250 - trainer - [156/256] Loss: 9.4050
2025/11/12 17:59:46 - __main__ - INFO - 252 - trainer - [156/256] Loss: 0.2862
2025/11/12 17:59:55 - __main__ - INFO - 250 - trainer - [208/256] Loss: 9.3450
2025/11/12 17:59:55 - __main__ - INFO - 252 - trainer - [208/256] Loss: 0.2292
2025/11/12 18:00:03 - __main__ - INFO - 330 - trainer - {'Best_HR@5': 0, 'Best_NDCG@5': 0, 'Best_HR@10': 0, 'Best_NDCG@10': 0, 'Best_HR@20': 0, 'Best_NDCG@20': 0}
2025/11/12 18:00:03 - __main__ - INFO - 331 - trainer - {'Best_epoch_HR@5': 0, 'Best_epoch_NDCG@5': 0, 'Best_epoch_HR@10': 0, 'Best_epoch_NDCG@10': 0, 'Best_epoch_HR@20': 0, 'Best_epoch_NDCG@20': 0}
2025/11/12 18:01:24 - __main__ - INFO - 378 - trainer - Test------------------------------------------------------
2025/11/12 18:01:24 - __main__ - INFO - 380 - trainer - {'HR@5': 0.5525, 'NDCG@5': 0.3371, 'HR@10': 1.0806, 'NDCG@10': 0.5087, 'HR@20': 1.684, 'NDCG@20': 0.6611}
2025/11/12 18:01:24 - __main__ - INFO - 382 - trainer - Best Eval---------------------------------------------------------
2025/11/12 18:01:24 - __main__ - INFO - 385 - trainer - {'Best_HR@5': 0, 'Best_NDCG@5': 0, 'Best_HR@10': 0, 'Best_NDCG@10': 0, 'Best_HR@20': 0, 'Best_NDCG@20': 0}
2025/11/12 18:01:24 - __main__ - INFO - 386 - trainer - {'Best_epoch_HR@5': 0, 'Best_epoch_NDCG@5': 0, 'Best_epoch_HR@10': 0, 'Best_epoch_NDCG@10': 0, 'Best_epoch_HR@20': 0, 'Best_epoch_NDCG@20': 0}
